The target system is: Generic -  - 
The host system is: Linux - 6.8.0-40-generic - x86_64
Compiling the C compiler identification source file "CMakeCCompilerId.c" succeeded.
Compiler: /home/hieu/.espressif/tools/xtensa-esp-elf/esp-13.2.0_20240530/xtensa-esp-elf/bin/xtensa-esp32-elf-gcc 
Build flags: -mlongcalls;-Wno-frame-address;;-fno-builtin-memcpy;-fno-builtin-memset;-fno-builtin-bzero;-fno-builtin-stpcpy;-fno-builtin-strncpy
Id flags:  

The output was:
0


Compilation of the C compiler identification source "CMakeCCompilerId.c" produced "a.out"

The C compiler identification is GNU, found in "/home/hieu/esp/datn/firmware/mini_drone/build/bootloader/CMakeFiles/3.25.1/CompilerIdC/a.out"

Compiling the CXX compiler identification source file "CMakeCXXCompilerId.cpp" succeeded.
Compiler: /home/hieu/.espressif/tools/xtensa-esp-elf/esp-13.2.0_20240530/xtensa-esp-elf/bin/xtensa-esp32-elf-g++ 
Build flags: -mlongcalls;-Wno-frame-address;;-fno-builtin-memcpy;-fno-builtin-memset;-fno-builtin-bzero;-fno-builtin-stpcpy;-fno-builtin-strncpy
Id flags:  

The output was:
0


Compilation of the CXX compiler identification source "CMakeCXXCompilerId.cpp" produced "a.out"

The CXX compiler identification is GNU, found in "/home/hieu/esp/datn/firmware/mini_drone/build/bootloader/CMakeFiles/3.25.1/CompilerIdCXX/a.out"

Checking whether the ASM compiler is GNU using "--version" matched "(GNU assembler)|(GCC)|(Free Software Foundation)":
xtensa-esp-elf-gcc (crosstool-NG esp-13.2.0_20240530) 13.2.0
Copyright (C) 2023 Free Software Foundation, Inc.
This is free software; see the source for copying conditions.  There is NO
warranty; not even for MERCHANTABILITY or FITNESS FOR A PARTICULAR PURPOSE.

Detecting C compiler ABI info compiled with the following output:
Change Dir: /home/hieu/esp/datn/firmware/mini_drone/build/bootloader/CMakeFiles/CMakeScratch/TryCompile-MLzRb3

Run Build Command(s):/usr/bin/ninja cmTC_cb11c && [1/2] Building C object CMakeFiles/cmTC_cb11c.dir/CMakeCCompilerABI.c.obj
Using built-in specs.
COLLECT_GCC=/home/hieu/.espressif/tools/xtensa-esp-elf/esp-13.2.0_20240530/xtensa-esp-elf/bin/xtensa-esp-elf-gcc
Target: xtensa-esp-elf
Configured with: /builds/idf/crosstool-NG/.build/xtensa-esp-elf/src/gcc/configure --build=x86_64-build_pc-linux-gnu --host=x86_64-build_pc-linux-gnu --target=xtensa-esp-elf --prefix=/builds/idf/crosstool-NG/builds/xtensa-esp-elf --exec_prefix=/builds/idf/crosstool-NG/builds/xtensa-esp-elf --with-local-prefix=/builds/idf/crosstool-NG/builds/xtensa-esp-elf/xtensa-esp-elf --with-sysroot=/builds/idf/crosstool-NG/builds/xtensa-esp-elf/xtensa-esp-elf --with-native-system-header-dir=/include --with-newlib --enable-threads=no --disable-shared --with-pkgversion='crosstool-NG esp-13.2.0_20240530' --disable-__cxa_atexit --enable-cxx-flags=-ffunction-sections --disable-libgomp --disable-libmudflap --disable-libmpx --disable-libssp --disable-libquadmath --disable-libquadmath-support --disable-libstdcxx-verbose --with-gmp=/builds/idf/crosstool-NG/.build/xtensa-esp-elf/buildtools --with-mpfr=/builds/idf/crosstool-NG/.build/xtensa-esp-elf/buildtools --with-mpc=/builds/idf/crosstool-NG/.build/xtensa-esp-elf/buildtools --with-isl=/builds/idf/crosstool-NG/.build/xtensa-esp-elf/buildtools --enable-lto --enable-target-optspace --without-long-double-128 --disable-nls --enable-multiarch --enable-languages=c,c++ --disable-libstdcxx-verbose --enable-threads=posix --enable-gcov-custom-rtio --enable-libstdcxx-time=yes
Thread model: posix
Supported LTO compression algorithms: zlib zstd
gcc version 13.2.0 (crosstool-NG esp-13.2.0_20240530) 
COLLECT_GCC_OPTIONS='-mdynconfig=xtensa_esp32.so' '-mlongcalls' '-Wno-frame-address' '-fno-builtin-memcpy' '-fno-builtin-memset' '-fno-builtin-bzero' '-fno-builtin-stpcpy' '-fno-builtin-strncpy' '-v' '-o' 'CMakeFiles/cmTC_cb11c.dir/CMakeCCompilerABI.c.obj' '-c' '-dumpdir' 'CMakeFiles/cmTC_cb11c.dir/'
 /home/hieu/.espressif/tools/xtensa-esp-elf/esp-13.2.0_20240530/xtensa-esp-elf/bin/../libexec/gcc/xtensa-esp-elf/13.2.0/cc1 -quiet -v -imultilib esp32 -iprefix /home/hieu/.espressif/tools/xtensa-esp-elf/esp-13.2.0_20240530/xtensa-esp-elf/bin/../lib/gcc/xtensa-esp-elf/13.2.0/ -isysroot /home/hieu/.espressif/tools/xtensa-esp-elf/esp-13.2.0_20240530/xtensa-esp-elf/bin/../xtensa-esp-elf /usr/share/cmake-3.25/Modules/CMakeCCompilerABI.c -quiet -dumpdir CMakeFiles/cmTC_cb11c.dir/ -dumpbase CMakeCCompilerABI.c.c -dumpbase-ext .c -mdynconfig=xtensa_esp32.so -mlongcalls -Wno-frame-address -version -fno-builtin-memcpy -fno-builtin-memset -fno-builtin-bzero -fno-builtin-stpcpy -fno-builtin-strncpy -o /tmp/cc4ObP5s.s
GNU C17 (crosstool-NG esp-13.2.0_20240530) version 13.2.0 (xtensa-esp-elf)
	compiled by GNU C version 4.9.2, GMP version 6.2.1, MPFR version 4.2.1, MPC version 1.2.1, isl version isl-0.26-GMP

GGC heuristics: --param ggc-min-expand=100 --param ggc-min-heapsize=131072
ignoring duplicate directory "/home/hieu/.espressif/tools/xtensa-esp-elf/esp-13.2.0_20240530/xtensa-esp-elf/bin/../lib/gcc/../../lib/gcc/xtensa-esp-elf/13.2.0/include"
ignoring nonexistent directory "/home/hieu/.espressif/tools/xtensa-esp-elf/esp-13.2.0_20240530/xtensa-esp-elf/bin/../xtensa-esp-elf/builds/idf/crosstool-NG/builds/xtensa-esp-elf/xtensa-esp-elf/include"
ignoring duplicate directory "/home/hieu/.espressif/tools/xtensa-esp-elf/esp-13.2.0_20240530/xtensa-esp-elf/bin/../lib/gcc/../../lib/gcc/xtensa-esp-elf/13.2.0/include-fixed"
ignoring duplicate directory "/home/hieu/.espressif/tools/xtensa-esp-elf/esp-13.2.0_20240530/xtensa-esp-elf/bin/../lib/gcc/../../lib/gcc/xtensa-esp-elf/13.2.0/../../../../xtensa-esp-elf/include"
ignoring duplicate directory "/home/hieu/.espressif/tools/xtensa-esp-elf/esp-13.2.0_20240530/xtensa-esp-elf/bin/../xtensa-esp-elf/include"
#include "..." search starts here:
#include <...> search starts here:
 /home/hieu/.espressif/tools/xtensa-esp-elf/esp-13.2.0_20240530/xtensa-esp-elf/bin/../lib/gcc/xtensa-esp-elf/13.2.0/include
 /home/hieu/.espressif/tools/xtensa-esp-elf/esp-13.2.0_20240530/xtensa-esp-elf/bin/../lib/gcc/xtensa-esp-elf/13.2.0/include-fixed
 /home/hieu/.espressif/tools/xtensa-esp-elf/esp-13.2.0_20240530/xtensa-esp-elf/bin/../lib/gcc/xtensa-esp-elf/13.2.0/../../../../xtensa-esp-elf/include
End of search list.
Compiler executable checksum: 04f722bf4d5065be88f50c6fb8209fb6
COLLECT_GCC_OPTIONS='-mdynconfig=xtensa_esp32.so' '-mlongcalls' '-Wno-frame-address' '-fno-builtin-memcpy' '-fno-builtin-memset' '-fno-builtin-bzero' '-fno-builtin-stpcpy' '-fno-builtin-strncpy' '-v' '-o' 'CMakeFiles/cmTC_cb11c.dir/CMakeCCompilerABI.c.obj' '-c' '-dumpdir' 'CMakeFiles/cmTC_cb11c.dir/'
 /home/hieu/.espressif/tools/xtensa-esp-elf/esp-13.2.0_20240530/xtensa-esp-elf/bin/../lib/gcc/xtensa-esp-elf/13.2.0/../../../../xtensa-esp-elf/bin/as --traditional-format --longcalls --dynconfig=xtensa_esp32.so -o CMakeFiles/cmTC_cb11c.dir/CMakeCCompilerABI.c.obj /tmp/cc4ObP5s.s
COMPILER_PATH=/home/hieu/.espressif/tools/xtensa-esp-elf/esp-13.2.0_20240530/xtensa-esp-elf/bin/../libexec/gcc/xtensa-esp-elf/13.2.0/:/home/hieu/.espressif/tools/xtensa-esp-elf/esp-13.2.0_20240530/xtensa-esp-elf/bin/../libexec/gcc/:/home/hieu/.espressif/tools/xtensa-esp-elf/esp-13.2.0_20240530/xtensa-esp-elf/bin/../lib/gcc/xtensa-esp-elf/13.2.0/../../../../xtensa-esp-elf/bin/
LIBRARY_PATH=/home/hieu/.espressif/tools/xtensa-esp-elf/esp-13.2.0_20240530/xtensa-esp-elf/bin/../lib/gcc/xtensa-esp-elf/13.2.0/esp32/:/home/hieu/.espressif/tools/xtensa-esp-elf/esp-13.2.0_20240530/xtensa-esp-elf/bin/../lib/gcc/xtensa-esp-elf/13.2.0/../../../../xtensa-esp-elf/lib/esp32/:/home/hieu/.espressif/tools/xtensa-esp-elf/esp-13.2.0_20240530/xtensa-esp-elf/bin/../xtensa-esp-elf/lib/esp32/:/home/hieu/.espressif/tools/xtensa-esp-elf/esp-13.2.0_20240530/xtensa-esp-elf/bin/../lib/gcc/xtensa-esp-elf/13.2.0/:/home/hieu/.espressif/tools/xtensa-esp-elf/esp-13.2.0_20240530/xtensa-esp-elf/bin/../lib/gcc/:/home/hieu/.espressif/tools/xtensa-esp-elf/esp-13.2.0_20240530/xtensa-esp-elf/bin/../lib/gcc/xtensa-esp-elf/13.2.0/../../../../xtensa-esp-elf/lib/:/home/hieu/.espressif/tools/xtensa-esp-elf/esp-13.2.0_20240530/xtensa-esp-elf/bin/../xtensa-esp-elf/lib/:/home/hieu/.espressif/tools/xtensa-esp-elf/esp-13.2.0_20240530/xtensa-esp-elf/bin/../xtensa-esp-elf/usr/lib/
COLLECT_GCC_OPTIONS='-mdynconfig=xtensa_esp32.so' '-mlongcalls' '-Wno-frame-address' '-fno-builtin-memcpy' '-fno-builtin-memset' '-fno-builtin-bzero' '-fno-builtin-stpcpy' '-fno-builtin-strncpy' '-v' '-o' 'CMakeFiles/cmTC_cb11c.dir/CMakeCCompilerABI.c.obj' '-c' '-dumpdir' 'CMakeFiles/cmTC_cb11c.dir/CMakeCCompilerABI.c.'
[2/2] Linking C executable cmTC_cb11c
Using built-in specs.
COLLECT_GCC=/home/hieu/.espressif/tools/xtensa-esp-elf/esp-13.2.0_20240530/xtensa-esp-elf/bin/xtensa-esp-elf-gcc
COLLECT_LTO_WRAPPER=/home/hieu/.espressif/tools/xtensa-esp-elf/esp-13.2.0_20240530/xtensa-esp-elf/bin/../libexec/gcc/xtensa-esp-elf/13.2.0/lto-wrapper
Target: xtensa-esp-elf
Configured with: /builds/idf/crosstool-NG/.build/xtensa-esp-elf/src/gcc/configure --build=x86_64-build_pc-linux-gnu --host=x86_64-build_pc-linux-gnu --target=xtensa-esp-elf --prefix=/builds/idf/crosstool-NG/builds/xtensa-esp-elf --exec_prefix=/builds/idf/crosstool-NG/builds/xtensa-esp-elf --with-local-prefix=/builds/idf/crosstool-NG/builds/xtensa-esp-elf/xtensa-esp-elf --with-sysroot=/builds/idf/crosstool-NG/builds/xtensa-esp-elf/xtensa-esp-elf --with-native-system-header-dir=/include --with-newlib --enable-threads=no --disable-shared --with-pkgversion='crosstool-NG esp-13.2.0_20240530' --disable-__cxa_atexit --enable-cxx-flags=-ffunction-sections --disable-libgomp --disable-libmudflap --disable-libmpx --disable-libssp --disable-libquadmath --disable-libquadmath-support --disable-libstdcxx-verbose --with-gmp=/builds/idf/crosstool-NG/.build/xtensa-esp-elf/buildtools --with-mpfr=/builds/idf/crosstool-NG/.build/xtensa-esp-elf/buildtools --with-mpc=/builds/idf/crosstool-NG/.build/xtensa-esp-elf/buildtools --with-isl=/builds/idf/crosstool-NG/.build/xtensa-esp-elf/buildtools --enable-lto --enable-target-optspace --without-long-double-128 --disable-nls --enable-multiarch --enable-languages=c,c++ --disable-libstdcxx-verbose --enable-threads=posix --enable-gcov-custom-rtio --enable-libstdcxx-time=yes
Thread model: posix
Supported LTO compression algorithms: zlib zstd
gcc version 13.2.0 (crosstool-NG esp-13.2.0_20240530) 
COMPILER_PATH=/home/hieu/.espressif/tools/xtensa-esp-elf/esp-13.2.0_20240530/xtensa-esp-elf/bin/../libexec/gcc/xtensa-esp-elf/13.2.0/:/home/hieu/.espressif/tools/xtensa-esp-elf/esp-13.2.0_20240530/xtensa-esp-elf/bin/../libexec/gcc/:/home/hieu/.espressif/tools/xtensa-esp-elf/esp-13.2.0_20240530/xtensa-esp-elf/bin/../lib/gcc/xtensa-esp-elf/13.2.0/../../../../xtensa-esp-elf/bin/
LIBRARY_PATH=/home/hieu/.espressif/tools/xtensa-esp-elf/esp-13.2.0_20240530/xtensa-esp-elf/bin/../lib/gcc/xtensa-esp-elf/13.2.0/esp32/:/home/hieu/.espressif/tools/xtensa-esp-elf/esp-13.2.0_20240530/xtensa-esp-elf/bin/../lib/gcc/xtensa-esp-elf/13.2.0/../../../../xtensa-esp-elf/lib/esp32/:/home/hieu/.espressif/tools/xtensa-esp-elf/esp-13.2.0_20240530/xtensa-esp-elf/bin/../xtensa-esp-elf/lib/esp32/:/home/hieu/.espressif/tools/xtensa-esp-elf/esp-13.2.0_20240530/xtensa-esp-elf/bin/../lib/gcc/xtensa-esp-elf/13.2.0/:/home/hieu/.espressif/tools/xtensa-esp-elf/esp-13.2.0_20240530/xtensa-esp-elf/bin/../lib/gcc/:/home/hieu/.espressif/tools/xtensa-esp-elf/esp-13.2.0_20240530/xtensa-esp-elf/bin/../lib/gcc/xtensa-esp-elf/13.2.0/../../../../xtensa-esp-elf/lib/:/home/hieu/.espressif/tools/xtensa-esp-elf/esp-13.2.0_20240530/xtensa-esp-elf/bin/../xtensa-esp-elf/lib/:/home/hieu/.espressif/tools/xtensa-esp-elf/esp-13.2.0_20240530/xtensa-esp-elf/bin/../xtensa-esp-elf/usr/lib/
COLLECT_GCC_OPTIONS='-mdynconfig=xtensa_esp32.so' '-mlongcalls' '-Wno-frame-address' '-fno-builtin-memcpy' '-fno-builtin-memset' '-fno-builtin-bzero' '-fno-builtin-stpcpy' '-fno-builtin-strncpy' '-v' '-o' 'cmTC_cb11c' '-dumpdir' 'cmTC_cb11c.'
 /home/hieu/.espressif/tools/xtensa-esp-elf/esp-13.2.0_20240530/xtensa-esp-elf/bin/../libexec/gcc/xtensa-esp-elf/13.2.0/collect2 -plugin /home/hieu/.espressif/tools/xtensa-esp-elf/esp-13.2.0_20240530/xtensa-esp-elf/bin/../libexec/gcc/xtensa-esp-elf/13.2.0/liblto_plugin.so -plugin-opt=/home/hieu/.espressif/tools/xtensa-esp-elf/esp-13.2.0_20240530/xtensa-esp-elf/bin/../libexec/gcc/xtensa-esp-elf/13.2.0/lto-wrapper -plugin-opt=-fresolution=/tmp/ccawoCX0.res -plugin-opt=-pass-through=-lgcc -plugin-opt=-pass-through=-lc -plugin-opt=-pass-through=-lnosys -plugin-opt=-pass-through=-lc -plugin-opt=-pass-through=-lgcc --sysroot=/home/hieu/.espressif/tools/xtensa-esp-elf/esp-13.2.0_20240530/xtensa-esp-elf/bin/../xtensa-esp-elf --dynconfig=xtensa_esp32.so -o cmTC_cb11c /home/hieu/.espressif/tools/xtensa-esp-elf/esp-13.2.0_20240530/xtensa-esp-elf/bin/../lib/gcc/xtensa-esp-elf/13.2.0/../../../../xtensa-esp-elf/lib/esp32/crt0.o /home/hieu/.espressif/tools/xtensa-esp-elf/esp-13.2.0_20240530/xtensa-esp-elf/bin/../lib/gcc/xtensa-esp-elf/13.2.0/esp32/crti.o /home/hieu/.espressif/tools/xtensa-esp-elf/esp-13.2.0_20240530/xtensa-esp-elf/bin/../lib/gcc/xtensa-esp-elf/13.2.0/esp32/crtbegin.o -L/home/hieu/.espressif/tools/xtensa-esp-elf/esp-13.2.0_20240530/xtensa-esp-elf/bin/../lib/gcc/xtensa-esp-elf/13.2.0/esp32 -L/home/hieu/.espressif/tools/xtensa-esp-elf/esp-13.2.0_20240530/xtensa-esp-elf/bin/../lib/gcc/xtensa-esp-elf/13.2.0/../../../../xtensa-esp-elf/lib/esp32 -L/home/hieu/.espressif/tools/xtensa-esp-elf/esp-13.2.0_20240530/xtensa-esp-elf/bin/../xtensa-esp-elf/lib/esp32 -L/home/hieu/.espressif/tools/xtensa-esp-elf/esp-13.2.0_20240530/xtensa-esp-elf/bin/../lib/gcc/xtensa-esp-elf/13.2.0 -L/home/hieu/.espressif/tools/xtensa-esp-elf/esp-13.2.0_20240530/xtensa-esp-elf/bin/../lib/gcc -L/home/hieu/.espressif/tools/xtensa-esp-elf/esp-13.2.0_20240530/xtensa-esp-elf/bin/../lib/gcc/xtensa-esp-elf/13.2.0/../../../../xtensa-esp-elf/lib -L/home/hieu/.espressif/tools/xtensa-esp-elf/esp-13.2.0_20240530/xtensa-esp-elf/bin/../xtensa-esp-elf/lib -L/home/hieu/.espressif/tools/xtensa-esp-elf/esp-13.2.0_20240530/xtensa-esp-elf/bin/../xtensa-esp-elf/usr/lib CMakeFiles/cmTC_cb11c.dir/CMakeCCompilerABI.c.obj -lgcc -lc -lnosys -lc -lgcc /home/hieu/.espressif/tools/xtensa-esp-elf/esp-13.2.0_20240530/xtensa-esp-elf/bin/../lib/gcc/xtensa-esp-elf/13.2.0/esp32/crtend.o /home/hieu/.espressif/tools/xtensa-esp-elf/esp-13.2.0_20240530/xtensa-esp-elf/bin/../lib/gcc/xtensa-esp-elf/13.2.0/esp32/crtn.o
COLLECT_GCC_OPTIONS='-mdynconfig=xtensa_esp32.so' '-mlongcalls' '-Wno-frame-address' '-fno-builtin-memcpy' '-fno-builtin-memset' '-fno-builtin-bzero' '-fno-builtin-stpcpy' '-fno-builtin-strncpy' '-v' '-o' 'cmTC_cb11c' '-dumpdir' 'cmTC_cb11c.'



Parsed C implicit include dir info from above output: rv=done
  found start of include info
  found start of implicit include info
    add: [/home/hieu/.espressif/tools/xtensa-esp-elf/esp-13.2.0_20240530/xtensa-esp-elf/bin/../lib/gcc/xtensa-esp-elf/13.2.0/include]
    add: [/home/hieu/.espressif/tools/xtensa-esp-elf/esp-13.2.0_20240530/xtensa-esp-elf/bin/../lib/gcc/xtensa-esp-elf/13.2.0/include-fixed]
    add: [/home/hieu/.espressif/tools/xtensa-esp-elf/esp-13.2.0_20240530/xtensa-esp-elf/bin/../lib/gcc/xtensa-esp-elf/13.2.0/../../../../xtensa-esp-elf/include]
  end of search list found
  collapse include dir [/home/hieu/.espressif/tools/xtensa-esp-elf/esp-13.2.0_20240530/xtensa-esp-elf/bin/../lib/gcc/xtensa-esp-elf/13.2.0/include] ==> [/home/hieu/.espressif/tools/xtensa-esp-elf/esp-13.2.0_20240530/xtensa-esp-elf/lib/gcc/xtensa-esp-elf/13.2.0/include]
  collapse include dir [/home/hieu/.espressif/tools/xtensa-esp-elf/esp-13.2.0_20240530/xtensa-esp-elf/bin/../lib/gcc/xtensa-esp-elf/13.2.0/include-fixed] ==> [/home/hieu/.espressif/tools/xtensa-esp-elf/esp-13.2.0_20240530/xtensa-esp-elf/lib/gcc/xtensa-esp-elf/13.2.0/include-fixed]
  collapse include dir [/home/hieu/.espressif/tools/xtensa-esp-elf/esp-13.2.0_20240530/xtensa-esp-elf/bin/../lib/gcc/xtensa-esp-elf/13.2.0/../../../../xtensa-esp-elf/include] ==> [/home/hieu/.espressif/tools/xtensa-esp-elf/esp-13.2.0_20240530/xtensa-esp-elf/xtensa-esp-elf/include]
  implicit include dirs: [/home/hieu/.espressif/tools/xtensa-esp-elf/esp-13.2.0_20240530/xtensa-esp-elf/lib/gcc/xtensa-esp-elf/13.2.0/include;/home/hieu/.espressif/tools/xtensa-esp-elf/esp-13.2.0_20240530/xtensa-esp-elf/lib/gcc/xtensa-esp-elf/13.2.0/include-fixed;/home/hieu/.espressif/tools/xtensa-esp-elf/esp-13.2.0_20240530/xtensa-esp-elf/xtensa-esp-elf/include]


Parsed C implicit link information from above output:
  link line regex: [^( *|.*[/\])(xtensa-esp32-elf-ld|CMAKE_LINK_STARTFILE-NOTFOUND|([^/\]+-)?ld|collect2)[^/\]*( |$)]
  ignore line: [Change Dir: /home/hieu/esp/datn/firmware/mini_drone/build/bootloader/CMakeFiles/CMakeScratch/TryCompile-MLzRb3]
  ignore line: []
  ignore line: [Run Build Command(s):/usr/bin/ninja cmTC_cb11c && [1/2] Building C object CMakeFiles/cmTC_cb11c.dir/CMakeCCompilerABI.c.obj]
  ignore line: [Using built-in specs.]
  ignore line: [COLLECT_GCC=/home/hieu/.espressif/tools/xtensa-esp-elf/esp-13.2.0_20240530/xtensa-esp-elf/bin/xtensa-esp-elf-gcc]
  ignore line: [Target: xtensa-esp-elf]
  ignore line: [Configured with: /builds/idf/crosstool-NG/.build/xtensa-esp-elf/src/gcc/configure --build=x86_64-build_pc-linux-gnu --host=x86_64-build_pc-linux-gnu --target=xtensa-esp-elf --prefix=/builds/idf/crosstool-NG/builds/xtensa-esp-elf --exec_prefix=/builds/idf/crosstool-NG/builds/xtensa-esp-elf --with-local-prefix=/builds/idf/crosstool-NG/builds/xtensa-esp-elf/xtensa-esp-elf --with-sysroot=/builds/idf/crosstool-NG/builds/xtensa-esp-elf/xtensa-esp-elf --with-native-system-header-dir=/include --with-newlib --enable-threads=no --disable-shared --with-pkgversion='crosstool-NG esp-13.2.0_20240530' --disable-__cxa_atexit --enable-cxx-flags=-ffunction-sections --disable-libgomp --disable-libmudflap --disable-libmpx --disable-libssp --disable-libquadmath --disable-libquadmath-support --disable-libstdcxx-verbose --with-gmp=/builds/idf/crosstool-NG/.build/xtensa-esp-elf/buildtools --with-mpfr=/builds/idf/crosstool-NG/.build/xtensa-esp-elf/buildtools --with-mpc=/builds/idf/crosstool-NG/.build/xtensa-esp-elf/buildtools --with-isl=/builds/idf/crosstool-NG/.build/xtensa-esp-elf/buildtools --enable-lto --enable-target-optspace --without-long-double-128 --disable-nls --enable-multiarch --enable-languages=c c++ --disable-libstdcxx-verbose --enable-threads=posix --enable-gcov-custom-rtio --enable-libstdcxx-time=yes]
  ignore line: [Thread model: posix]
  ignore line: [Supported LTO compression algorithms: zlib zstd]
  ignore line: [gcc version 13.2.0 (crosstool-NG esp-13.2.0_20240530) ]
  ignore line: [COLLECT_GCC_OPTIONS='-mdynconfig=xtensa_esp32.so' '-mlongcalls' '-Wno-frame-address' '-fno-builtin-memcpy' '-fno-builtin-memset' '-fno-builtin-bzero' '-fno-builtin-stpcpy' '-fno-builtin-strncpy' '-v' '-o' 'CMakeFiles/cmTC_cb11c.dir/CMakeCCompilerABI.c.obj' '-c' '-dumpdir' 'CMakeFiles/cmTC_cb11c.dir/']
  ignore line: [ /home/hieu/.espressif/tools/xtensa-esp-elf/esp-13.2.0_20240530/xtensa-esp-elf/bin/../libexec/gcc/xtensa-esp-elf/13.2.0/cc1 -quiet -v -imultilib esp32 -iprefix /home/hieu/.espressif/tools/xtensa-esp-elf/esp-13.2.0_20240530/xtensa-esp-elf/bin/../lib/gcc/xtensa-esp-elf/13.2.0/ -isysroot /home/hieu/.espressif/tools/xtensa-esp-elf/esp-13.2.0_20240530/xtensa-esp-elf/bin/../xtensa-esp-elf /usr/share/cmake-3.25/Modules/CMakeCCompilerABI.c -quiet -dumpdir CMakeFiles/cmTC_cb11c.dir/ -dumpbase CMakeCCompilerABI.c.c -dumpbase-ext .c -mdynconfig=xtensa_esp32.so -mlongcalls -Wno-frame-address -version -fno-builtin-memcpy -fno-builtin-memset -fno-builtin-bzero -fno-builtin-stpcpy -fno-builtin-strncpy -o /tmp/cc4ObP5s.s]
  ignore line: [GNU C17 (crosstool-NG esp-13.2.0_20240530) version 13.2.0 (xtensa-esp-elf)]
  ignore line: [	compiled by GNU C version 4.9.2  GMP version 6.2.1  MPFR version 4.2.1  MPC version 1.2.1  isl version isl-0.26-GMP]
  ignore line: []
  ignore line: [GGC heuristics: --param ggc-min-expand=100 --param ggc-min-heapsize=131072]
  ignore line: [ignoring duplicate directory "/home/hieu/.espressif/tools/xtensa-esp-elf/esp-13.2.0_20240530/xtensa-esp-elf/bin/../lib/gcc/../../lib/gcc/xtensa-esp-elf/13.2.0/include"]
  ignore line: [ignoring nonexistent directory "/home/hieu/.espressif/tools/xtensa-esp-elf/esp-13.2.0_20240530/xtensa-esp-elf/bin/../xtensa-esp-elf/builds/idf/crosstool-NG/builds/xtensa-esp-elf/xtensa-esp-elf/include"]
  ignore line: [ignoring duplicate directory "/home/hieu/.espressif/tools/xtensa-esp-elf/esp-13.2.0_20240530/xtensa-esp-elf/bin/../lib/gcc/../../lib/gcc/xtensa-esp-elf/13.2.0/include-fixed"]
  ignore line: [ignoring duplicate directory "/home/hieu/.espressif/tools/xtensa-esp-elf/esp-13.2.0_20240530/xtensa-esp-elf/bin/../lib/gcc/../../lib/gcc/xtensa-esp-elf/13.2.0/../../../../xtensa-esp-elf/include"]
  ignore line: [ignoring duplicate directory "/home/hieu/.espressif/tools/xtensa-esp-elf/esp-13.2.0_20240530/xtensa-esp-elf/bin/../xtensa-esp-elf/include"]
  ignore line: [#include "..." search starts here:]
  ignore line: [#include <...> search starts here:]
  ignore line: [ /home/hieu/.espressif/tools/xtensa-esp-elf/esp-13.2.0_20240530/xtensa-esp-elf/bin/../lib/gcc/xtensa-esp-elf/13.2.0/include]
  ignore line: [ /home/hieu/.espressif/tools/xtensa-esp-elf/esp-13.2.0_20240530/xtensa-esp-elf/bin/../lib/gcc/xtensa-esp-elf/13.2.0/include-fixed]
  ignore line: [ /home/hieu/.espressif/tools/xtensa-esp-elf/esp-13.2.0_20240530/xtensa-esp-elf/bin/../lib/gcc/xtensa-esp-elf/13.2.0/../../../../xtensa-esp-elf/include]
  ignore line: [End of search list.]
  ignore line: [Compiler executable checksum: 04f722bf4d5065be88f50c6fb8209fb6]
  ignore line: [COLLECT_GCC_OPTIONS='-mdynconfig=xtensa_esp32.so' '-mlongcalls' '-Wno-frame-address' '-fno-builtin-memcpy' '-fno-builtin-memset' '-fno-builtin-bzero' '-fno-builtin-stpcpy' '-fno-builtin-strncpy' '-v' '-o' 'CMakeFiles/cmTC_cb11c.dir/CMakeCCompilerABI.c.obj' '-c' '-dumpdir' 'CMakeFiles/cmTC_cb11c.dir/']
  ignore line: [ /home/hieu/.espressif/tools/xtensa-esp-elf/esp-13.2.0_20240530/xtensa-esp-elf/bin/../lib/gcc/xtensa-esp-elf/13.2.0/../../../../xtensa-esp-elf/bin/as --traditional-format --longcalls --dynconfig=xtensa_esp32.so -o CMakeFiles/cmTC_cb11c.dir/CMakeCCompilerABI.c.obj /tmp/cc4ObP5s.s]
  ignore line: [COMPILER_PATH=/home/hieu/.espressif/tools/xtensa-esp-elf/esp-13.2.0_20240530/xtensa-esp-elf/bin/../libexec/gcc/xtensa-esp-elf/13.2.0/:/home/hieu/.espressif/tools/xtensa-esp-elf/esp-13.2.0_20240530/xtensa-esp-elf/bin/../libexec/gcc/:/home/hieu/.espressif/tools/xtensa-esp-elf/esp-13.2.0_20240530/xtensa-esp-elf/bin/../lib/gcc/xtensa-esp-elf/13.2.0/../../../../xtensa-esp-elf/bin/]
  ignore line: [LIBRARY_PATH=/home/hieu/.espressif/tools/xtensa-esp-elf/esp-13.2.0_20240530/xtensa-esp-elf/bin/../lib/gcc/xtensa-esp-elf/13.2.0/esp32/:/home/hieu/.espressif/tools/xtensa-esp-elf/esp-13.2.0_20240530/xtensa-esp-elf/bin/../lib/gcc/xtensa-esp-elf/13.2.0/../../../../xtensa-esp-elf/lib/esp32/:/home/hieu/.espressif/tools/xtensa-esp-elf/esp-13.2.0_20240530/xtensa-esp-elf/bin/../xtensa-esp-elf/lib/esp32/:/home/hieu/.espressif/tools/xtensa-esp-elf/esp-13.2.0_20240530/xtensa-esp-elf/bin/../lib/gcc/xtensa-esp-elf/13.2.0/:/home/hieu/.espressif/tools/xtensa-esp-elf/esp-13.2.0_20240530/xtensa-esp-elf/bin/../lib/gcc/:/home/hieu/.espressif/tools/xtensa-esp-elf/esp-13.2.0_20240530/xtensa-esp-elf/bin/../lib/gcc/xtensa-esp-elf/13.2.0/../../../../xtensa-esp-elf/lib/:/home/hieu/.espressif/tools/xtensa-esp-elf/esp-13.2.0_20240530/xtensa-esp-elf/bin/../xtensa-esp-elf/lib/:/home/hieu/.espressif/tools/xtensa-esp-elf/esp-13.2.0_20240530/xtensa-esp-elf/bin/../xtensa-esp-elf/usr/lib/]
  ignore line: [COLLECT_GCC_OPTIONS='-mdynconfig=xtensa_esp32.so' '-mlongcalls' '-Wno-frame-address' '-fno-builtin-memcpy' '-fno-builtin-memset' '-fno-builtin-bzero' '-fno-builtin-stpcpy' '-fno-builtin-strncpy' '-v' '-o' 'CMakeFiles/cmTC_cb11c.dir/CMakeCCompilerABI.c.obj' '-c' '-dumpdir' 'CMakeFiles/cmTC_cb11c.dir/CMakeCCompilerABI.c.']
  ignore line: [[2/2] Linking C executable cmTC_cb11c]
  ignore line: [Using built-in specs.]
  ignore line: [COLLECT_GCC=/home/hieu/.espressif/tools/xtensa-esp-elf/esp-13.2.0_20240530/xtensa-esp-elf/bin/xtensa-esp-elf-gcc]
  ignore line: [COLLECT_LTO_WRAPPER=/home/hieu/.espressif/tools/xtensa-esp-elf/esp-13.2.0_20240530/xtensa-esp-elf/bin/../libexec/gcc/xtensa-esp-elf/13.2.0/lto-wrapper]
  ignore line: [Target: xtensa-esp-elf]
  ignore line: [Configured with: /builds/idf/crosstool-NG/.build/xtensa-esp-elf/src/gcc/configure --build=x86_64-build_pc-linux-gnu --host=x86_64-build_pc-linux-gnu --target=xtensa-esp-elf --prefix=/builds/idf/crosstool-NG/builds/xtensa-esp-elf --exec_prefix=/builds/idf/crosstool-NG/builds/xtensa-esp-elf --with-local-prefix=/builds/idf/crosstool-NG/builds/xtensa-esp-elf/xtensa-esp-elf --with-sysroot=/builds/idf/crosstool-NG/builds/xtensa-esp-elf/xtensa-esp-elf --with-native-system-header-dir=/include --with-newlib --enable-threads=no --disable-shared --with-pkgversion='crosstool-NG esp-13.2.0_20240530' --disable-__cxa_atexit --enable-cxx-flags=-ffunction-sections --disable-libgomp --disable-libmudflap --disable-libmpx --disable-libssp --disable-libquadmath --disable-libquadmath-support --disable-libstdcxx-verbose --with-gmp=/builds/idf/crosstool-NG/.build/xtensa-esp-elf/buildtools --with-mpfr=/builds/idf/crosstool-NG/.build/xtensa-esp-elf/buildtools --with-mpc=/builds/idf/crosstool-NG/.build/xtensa-esp-elf/buildtools --with-isl=/builds/idf/crosstool-NG/.build/xtensa-esp-elf/buildtools --enable-lto --enable-target-optspace --without-long-double-128 --disable-nls --enable-multiarch --enable-languages=c c++ --disable-libstdcxx-verbose --enable-threads=posix --enable-gcov-custom-rtio --enable-libstdcxx-time=yes]
  ignore line: [Thread model: posix]
  ignore line: [Supported LTO compression algorithms: zlib zstd]
  ignore line: [gcc version 13.2.0 (crosstool-NG esp-13.2.0_20240530) ]
  ignore line: [COMPILER_PATH=/home/hieu/.espressif/tools/xtensa-esp-elf/esp-13.2.0_20240530/xtensa-esp-elf/bin/../libexec/gcc/xtensa-esp-elf/13.2.0/:/home/hieu/.espressif/tools/xtensa-esp-elf/esp-13.2.0_20240530/xtensa-esp-elf/bin/../libexec/gcc/:/home/hieu/.espressif/tools/xtensa-esp-elf/esp-13.2.0_20240530/xtensa-esp-elf/bin/../lib/gcc/xtensa-esp-elf/13.2.0/../../../../xtensa-esp-elf/bin/]
  ignore line: [LIBRARY_PATH=/home/hieu/.espressif/tools/xtensa-esp-elf/esp-13.2.0_20240530/xtensa-esp-elf/bin/../lib/gcc/xtensa-esp-elf/13.2.0/esp32/:/home/hieu/.espressif/tools/xtensa-esp-elf/esp-13.2.0_20240530/xtensa-esp-elf/bin/../lib/gcc/xtensa-esp-elf/13.2.0/../../../../xtensa-esp-elf/lib/esp32/:/home/hieu/.espressif/tools/xtensa-esp-elf/esp-13.2.0_20240530/xtensa-esp-elf/bin/../xtensa-esp-elf/lib/esp32/:/home/hieu/.espressif/tools/xtensa-esp-elf/esp-13.2.0_20240530/xtensa-esp-elf/bin/../lib/gcc/xtensa-esp-elf/13.2.0/:/home/hieu/.espressif/tools/xtensa-esp-elf/esp-13.2.0_20240530/xtensa-esp-elf/bin/../lib/gcc/:/home/hieu/.espressif/tools/xtensa-esp-elf/esp-13.2.0_20240530/xtensa-esp-elf/bin/../lib/gcc/xtensa-esp-elf/13.2.0/../../../../xtensa-esp-elf/lib/:/home/hieu/.espressif/tools/xtensa-esp-elf/esp-13.2.0_20240530/xtensa-esp-elf/bin/../xtensa-esp-elf/lib/:/home/hieu/.espressif/tools/xtensa-esp-elf/esp-13.2.0_20240530/xtensa-esp-elf/bin/../xtensa-esp-elf/usr/lib/]
  ignore line: [COLLECT_GCC_OPTIONS='-mdynconfig=xtensa_esp32.so' '-mlongcalls' '-Wno-frame-address' '-fno-builtin-memcpy' '-fno-builtin-memset' '-fno-builtin-bzero' '-fno-builtin-stpcpy' '-fno-builtin-strncpy' '-v' '-o' 'cmTC_cb11c' '-dumpdir' 'cmTC_cb11c.']
  link line: [ /home/hieu/.espressif/tools/xtensa-esp-elf/esp-13.2.0_20240530/xtensa-esp-elf/bin/../libexec/gcc/xtensa-esp-elf/13.2.0/collect2 -plugin /home/hieu/.espressif/tools/xtensa-esp-elf/esp-13.2.0_20240530/xtensa-esp-elf/bin/../libexec/gcc/xtensa-esp-elf/13.2.0/liblto_plugin.so -plugin-opt=/home/hieu/.espressif/tools/xtensa-esp-elf/esp-13.2.0_20240530/xtensa-esp-elf/bin/../libexec/gcc/xtensa-esp-elf/13.2.0/lto-wrapper -plugin-opt=-fresolution=/tmp/ccawoCX0.res -plugin-opt=-pass-through=-lgcc -plugin-opt=-pass-through=-lc -plugin-opt=-pass-through=-lnosys -plugin-opt=-pass-through=-lc -plugin-opt=-pass-through=-lgcc --sysroot=/home/hieu/.espressif/tools/xtensa-esp-elf/esp-13.2.0_20240530/xtensa-esp-elf/bin/../xtensa-esp-elf --dynconfig=xtensa_esp32.so -o cmTC_cb11c /home/hieu/.espressif/tools/xtensa-esp-elf/esp-13.2.0_20240530/xtensa-esp-elf/bin/../lib/gcc/xtensa-esp-elf/13.2.0/../../../../xtensa-esp-elf/lib/esp32/crt0.o /home/hieu/.espressif/tools/xtensa-esp-elf/esp-13.2.0_20240530/xtensa-esp-elf/bin/../lib/gcc/xtensa-esp-elf/13.2.0/esp32/crti.o /home/hieu/.espressif/tools/xtensa-esp-elf/esp-13.2.0_20240530/xtensa-esp-elf/bin/../lib/gcc/xtensa-esp-elf/13.2.0/esp32/crtbegin.o -L/home/hieu/.espressif/tools/xtensa-esp-elf/esp-13.2.0_20240530/xtensa-esp-elf/bin/../lib/gcc/xtensa-esp-elf/13.2.0/esp32 -L/home/hieu/.espressif/tools/xtensa-esp-elf/esp-13.2.0_20240530/xtensa-esp-elf/bin/../lib/gcc/xtensa-esp-elf/13.2.0/../../../../xtensa-esp-elf/lib/esp32 -L/home/hieu/.espressif/tools/xtensa-esp-elf/esp-13.2.0_20240530/xtensa-esp-elf/bin/../xtensa-esp-elf/lib/esp32 -L/home/hieu/.espressif/tools/xtensa-esp-elf/esp-13.2.0_20240530/xtensa-esp-elf/bin/../lib/gcc/xtensa-esp-elf/13.2.0 -L/home/hieu/.espressif/tools/xtensa-esp-elf/esp-13.2.0_20240530/xtensa-esp-elf/bin/../lib/gcc -L/home/hieu/.espressif/tools/xtensa-esp-elf/esp-13.2.0_20240530/xtensa-esp-elf/bin/../lib/gcc/xtensa-esp-elf/13.2.0/../../../../xtensa-esp-elf/lib -L/home/hieu/.espressif/tools/xtensa-esp-elf/esp-13.2.0_20240530/xtensa-esp-elf/bin/../xtensa-esp-elf/lib -L/home/hieu/.espressif/tools/xtensa-esp-elf/esp-13.2.0_20240530/xtensa-esp-elf/bin/../xtensa-esp-elf/usr/lib CMakeFiles/cmTC_cb11c.dir/CMakeCCompilerABI.c.obj -lgcc -lc -lnosys -lc -lgcc /home/hieu/.espressif/tools/xtensa-esp-elf/esp-13.2.0_20240530/xtensa-esp-elf/bin/../lib/gcc/xtensa-esp-elf/13.2.0/esp32/crtend.o /home/hieu/.espressif/tools/xtensa-esp-elf/esp-13.2.0_20240530/xtensa-esp-elf/bin/../lib/gcc/xtensa-esp-elf/13.2.0/esp32/crtn.o]
    arg [/home/hieu/.espressif/tools/xtensa-esp-elf/esp-13.2.0_20240530/xtensa-esp-elf/bin/../libexec/gcc/xtensa-esp-elf/13.2.0/collect2] ==> ignore
    arg [-plugin] ==> ignore
    arg [/home/hieu/.espressif/tools/xtensa-esp-elf/esp-13.2.0_20240530/xtensa-esp-elf/bin/../libexec/gcc/xtensa-esp-elf/13.2.0/liblto_plugin.so] ==> ignore
    arg [-plugin-opt=/home/hieu/.espressif/tools/xtensa-esp-elf/esp-13.2.0_20240530/xtensa-esp-elf/bin/../libexec/gcc/xtensa-esp-elf/13.2.0/lto-wrapper] ==> ignore
    arg [-plugin-opt=-fresolution=/tmp/ccawoCX0.res] ==> ignore
    arg [-plugin-opt=-pass-through=-lgcc] ==> ignore
    arg [-plugin-opt=-pass-through=-lc] ==> ignore
    arg [-plugin-opt=-pass-through=-lnosys] ==> ignore
    arg [-plugin-opt=-pass-through=-lc] ==> ignore
    arg [-plugin-opt=-pass-through=-lgcc] ==> ignore
    arg [--sysroot=/home/hieu/.espressif/tools/xtensa-esp-elf/esp-13.2.0_20240530/xtensa-esp-elf/bin/../xtensa-esp-elf] ==> ignore
    arg [--dynconfig=xtensa_esp32.so] ==> ignore
    arg [-o] ==> ignore
    arg [cmTC_cb11c] ==> ignore
    arg [/home/hieu/.espressif/tools/xtensa-esp-elf/esp-13.2.0_20240530/xtensa-esp-elf/bin/../lib/gcc/xtensa-esp-elf/13.2.0/../../../../xtensa-esp-elf/lib/esp32/crt0.o] ==> obj [/home/hieu/.espressif/tools/xtensa-esp-elf/esp-13.2.0_20240530/xtensa-esp-elf/bin/../lib/gcc/xtensa-esp-elf/13.2.0/../../../../xtensa-esp-elf/lib/esp32/crt0.o]
    arg [/home/hieu/.espressif/tools/xtensa-esp-elf/esp-13.2.0_20240530/xtensa-esp-elf/bin/../lib/gcc/xtensa-esp-elf/13.2.0/esp32/crti.o] ==> obj [/home/hieu/.espressif/tools/xtensa-esp-elf/esp-13.2.0_20240530/xtensa-esp-elf/bin/../lib/gcc/xtensa-esp-elf/13.2.0/esp32/crti.o]
    arg [/home/hieu/.espressif/tools/xtensa-esp-elf/esp-13.2.0_20240530/xtensa-esp-elf/bin/../lib/gcc/xtensa-esp-elf/13.2.0/esp32/crtbegin.o] ==> obj [/home/hieu/.espressif/tools/xtensa-esp-elf/esp-13.2.0_20240530/xtensa-esp-elf/bin/../lib/gcc/xtensa-esp-elf/13.2.0/esp32/crtbegin.o]
    arg [-L/home/hieu/.espressif/tools/xtensa-esp-elf/esp-13.2.0_20240530/xtensa-esp-elf/bin/../lib/gcc/xtensa-esp-elf/13.2.0/esp32] ==> dir [/home/hieu/.espressif/tools/xtensa-esp-elf/esp-13.2.0_20240530/xtensa-esp-elf/bin/../lib/gcc/xtensa-esp-elf/13.2.0/esp32]
    arg [-L/home/hieu/.espressif/tools/xtensa-esp-elf/esp-13.2.0_20240530/xtensa-esp-elf/bin/../lib/gcc/xtensa-esp-elf/13.2.0/../../../../xtensa-esp-elf/lib/esp32] ==> dir [/home/hieu/.espressif/tools/xtensa-esp-elf/esp-13.2.0_20240530/xtensa-esp-elf/bin/../lib/gcc/xtensa-esp-elf/13.2.0/../../../../xtensa-esp-elf/lib/esp32]
    arg [-L/home/hieu/.espressif/tools/xtensa-esp-elf/esp-13.2.0_20240530/xtensa-esp-elf/bin/../xtensa-esp-elf/lib/esp32] ==> dir [/home/hieu/.espressif/tools/xtensa-esp-elf/esp-13.2.0_20240530/xtensa-esp-elf/bin/../xtensa-esp-elf/lib/esp32]
    arg [-L/home/hieu/.espressif/tools/xtensa-esp-elf/esp-13.2.0_20240530/xtensa-esp-elf/bin/../lib/gcc/xtensa-esp-elf/13.2.0] ==> dir [/home/hieu/.espressif/tools/xtensa-esp-elf/esp-13.2.0_20240530/xtensa-esp-elf/bin/../lib/gcc/xtensa-esp-elf/13.2.0]
    arg [-L/home/hieu/.espressif/tools/xtensa-esp-elf/esp-13.2.0_20240530/xtensa-esp-elf/bin/../lib/gcc] ==> dir [/home/hieu/.espressif/tools/xtensa-esp-elf/esp-13.2.0_20240530/xtensa-esp-elf/bin/../lib/gcc]
    arg [-L/home/hieu/.espressif/tools/xtensa-esp-elf/esp-13.2.0_20240530/xtensa-esp-elf/bin/../lib/gcc/xtensa-esp-elf/13.2.0/../../../../xtensa-esp-elf/lib] ==> dir [/home/hieu/.espressif/tools/xtensa-esp-elf/esp-13.2.0_20240530/xtensa-esp-elf/bin/../lib/gcc/xtensa-esp-elf/13.2.0/../../../../xtensa-esp-elf/lib]
    arg [-L/home/hieu/.espressif/tools/xtensa-esp-elf/esp-13.2.0_20240530/xtensa-esp-elf/bin/../xtensa-esp-elf/lib] ==> dir [/home/hieu/.espressif/tools/xtensa-esp-elf/esp-13.2.0_20240530/xtensa-esp-elf/bin/../xtensa-esp-elf/lib]
    arg [-L/home/hieu/.espressif/tools/xtensa-esp-elf/esp-13.2.0_20240530/xtensa-esp-elf/bin/../xtensa-esp-elf/usr/lib] ==> dir [/home/hieu/.espressif/tools/xtensa-esp-elf/esp-13.2.0_20240530/xtensa-esp-elf/bin/../xtensa-esp-elf/usr/lib]
    arg [CMakeFiles/cmTC_cb11c.dir/CMakeCCompilerABI.c.obj] ==> ignore
    arg [-lgcc] ==> lib [gcc]
    arg [-lc] ==> lib [c]
    arg [-lnosys] ==> lib [nosys]
    arg [-lc] ==> lib [c]
    arg [-lgcc] ==> lib [gcc]
    arg [/home/hieu/.espressif/tools/xtensa-esp-elf/esp-13.2.0_20240530/xtensa-esp-elf/bin/../lib/gcc/xtensa-esp-elf/13.2.0/esp32/crtend.o] ==> obj [/home/hieu/.espressif/tools/xtensa-esp-elf/esp-13.2.0_20240530/xtensa-esp-elf/bin/../lib/gcc/xtensa-esp-elf/13.2.0/esp32/crtend.o]
    arg [/home/hieu/.espressif/tools/xtensa-esp-elf/esp-13.2.0_20240530/xtensa-esp-elf/bin/../lib/gcc/xtensa-esp-elf/13.2.0/esp32/crtn.o] ==> obj [/home/hieu/.espressif/tools/xtensa-esp-elf/esp-13.2.0_20240530/xtensa-esp-elf/bin/../lib/gcc/xtensa-esp-elf/13.2.0/esp32/crtn.o]
  collapse obj [/home/hieu/.espressif/tools/xtensa-esp-elf/esp-13.2.0_20240530/xtensa-esp-elf/bin/../lib/gcc/xtensa-esp-elf/13.2.0/../../../../xtensa-esp-elf/lib/esp32/crt0.o] ==> [/home/hieu/.espressif/tools/xtensa-esp-elf/esp-13.2.0_20240530/xtensa-esp-elf/xtensa-esp-elf/lib/esp32/crt0.o]
  collapse obj [/home/hieu/.espressif/tools/xtensa-esp-elf/esp-13.2.0_20240530/xtensa-esp-elf/bin/../lib/gcc/xtensa-esp-elf/13.2.0/esp32/crti.o] ==> [/home/hieu/.espressif/tools/xtensa-esp-elf/esp-13.2.0_20240530/xtensa-esp-elf/lib/gcc/xtensa-esp-elf/13.2.0/esp32/crti.o]
  collapse obj [/home/hieu/.espressif/tools/xtensa-esp-elf/esp-13.2.0_20240530/xtensa-esp-elf/bin/../lib/gcc/xtensa-esp-elf/13.2.0/esp32/crtbegin.o] ==> [/home/hieu/.espressif/tools/xtensa-esp-elf/esp-13.2.0_20240530/xtensa-esp-elf/lib/gcc/xtensa-esp-elf/13.2.0/esp32/crtbegin.o]
  collapse obj [/home/hieu/.espressif/tools/xtensa-esp-elf/esp-13.2.0_20240530/xtensa-esp-elf/bin/../lib/gcc/xtensa-esp-elf/13.2.0/esp32/crtend.o] ==> [/home/hieu/.espressif/tools/xtensa-esp-elf/esp-13.2.0_20240530/xtensa-esp-elf/lib/gcc/xtensa-esp-elf/13.2.0/esp32/crtend.o]
  collapse obj [/home/hieu/.espressif/tools/xtensa-esp-elf/esp-13.2.0_20240530/xtensa-esp-elf/bin/../lib/gcc/xtensa-esp-elf/13.2.0/esp32/crtn.o] ==> [/home/hieu/.espressif/tools/xtensa-esp-elf/esp-13.2.0_20240530/xtensa-esp-elf/lib/gcc/xtensa-esp-elf/13.2.0/esp32/crtn.o]
  collapse library dir [/home/hieu/.espressif/tools/xtensa-esp-elf/esp-13.2.0_20240530/xtensa-esp-elf/bin/../lib/gcc/xtensa-esp-elf/13.2.0/esp32] ==> [/home/hieu/.espressif/tools/xtensa-esp-elf/esp-13.2.0_20240530/xtensa-esp-elf/lib/gcc/xtensa-esp-elf/13.2.0/esp32]
  collapse library dir [/home/hieu/.espressif/tools/xtensa-esp-elf/esp-13.2.0_20240530/xtensa-esp-elf/bin/../lib/gcc/xtensa-esp-elf/13.2.0/../../../../xtensa-esp-elf/lib/esp32] ==> [/home/hieu/.espressif/tools/xtensa-esp-elf/esp-13.2.0_20240530/xtensa-esp-elf/xtensa-esp-elf/lib/esp32]
  collapse library dir [/home/hieu/.espressif/tools/xtensa-esp-elf/esp-13.2.0_20240530/xtensa-esp-elf/bin/../xtensa-esp-elf/lib/esp32] ==> [/home/hieu/.espressif/tools/xtensa-esp-elf/esp-13.2.0_20240530/xtensa-esp-elf/xtensa-esp-elf/lib/esp32]
  collapse library dir [/home/hieu/.espressif/tools/xtensa-esp-elf/esp-13.2.0_20240530/xtensa-esp-elf/bin/../lib/gcc/xtensa-esp-elf/13.2.0] ==> [/home/hieu/.espressif/tools/xtensa-esp-elf/esp-13.2.0_20240530/xtensa-esp-elf/lib/gcc/xtensa-esp-elf/13.2.0]
  collapse library dir [/home/hieu/.espressif/tools/xtensa-esp-elf/esp-13.2.0_20240530/xtensa-esp-elf/bin/../lib/gcc] ==> [/home/hieu/.espressif/tools/xtensa-esp-elf/esp-13.2.0_20240530/xtensa-esp-elf/lib/gcc]
  collapse library dir [/home/hieu/.espressif/tools/xtensa-esp-elf/esp-13.2.0_20240530/xtensa-esp-elf/bin/../lib/gcc/xtensa-esp-elf/13.2.0/../../../../xtensa-esp-elf/lib] ==> [/home/hieu/.espressif/tools/xtensa-esp-elf/esp-13.2.0_20240530/xtensa-esp-elf/xtensa-esp-elf/lib]
  collapse library dir [/home/hieu/.espressif/tools/xtensa-esp-elf/esp-13.2.0_20240530/xtensa-esp-elf/bin/../xtensa-esp-elf/lib] ==> [/home/hieu/.espressif/tools/xtensa-esp-elf/esp-13.2.0_20240530/xtensa-esp-elf/xtensa-esp-elf/lib]
  collapse library dir [/home/hieu/.espressif/tools/xtensa-esp-elf/esp-13.2.0_20240530/xtensa-esp-elf/bin/../xtensa-esp-elf/usr/lib] ==> [/home/hieu/.espressif/tools/xtensa-esp-elf/esp-13.2.0_20240530/xtensa-esp-elf/xtensa-esp-elf/usr/lib]
  implicit libs: [gcc;c;nosys;c;gcc]
  implicit objs: [/home/hieu/.espressif/tools/xtensa-esp-elf/esp-13.2.0_20240530/xtensa-esp-elf/xtensa-esp-elf/lib/esp32/crt0.o;/home/hieu/.espressif/tools/xtensa-esp-elf/esp-13.2.0_20240530/xtensa-esp-elf/lib/gcc/xtensa-esp-elf/13.2.0/esp32/crti.o;/home/hieu/.espressif/tools/xtensa-esp-elf/esp-13.2.0_20240530/xtensa-esp-elf/lib/gcc/xtensa-esp-elf/13.2.0/esp32/crtbegin.o;/home/hieu/.espressif/tools/xtensa-esp-elf/esp-13.2.0_20240530/xtensa-esp-elf/lib/gcc/xtensa-esp-elf/13.2.0/esp32/crtend.o;/home/hieu/.espressif/tools/xtensa-esp-elf/esp-13.2.0_20240530/xtensa-esp-elf/lib/gcc/xtensa-esp-elf/13.2.0/esp32/crtn.o]
  implicit dirs: [/home/hieu/.espressif/tools/xtensa-esp-elf/esp-13.2.0_20240530/xtensa-esp-elf/lib/gcc/xtensa-esp-elf/13.2.0/esp32;/home/hieu/.espressif/tools/xtensa-esp-elf/esp-13.2.0_20240530/xtensa-esp-elf/xtensa-esp-elf/lib/esp32;/home/hieu/.espressif/tools/xtensa-esp-elf/esp-13.2.0_20240530/xtensa-esp-elf/lib/gcc/xtensa-esp-elf/13.2.0;/home/hieu/.espressif/tools/xtensa-esp-elf/esp-13.2.0_20240530/xtensa-esp-elf/lib/gcc;/home/hieu/.espressif/tools/xtensa-esp-elf/esp-13.2.0_20240530/xtensa-esp-elf/xtensa-esp-elf/lib;/home/hieu/.espressif/tools/xtensa-esp-elf/esp-13.2.0_20240530/xtensa-esp-elf/xtensa-esp-elf/usr/lib]
  implicit fwks: []


Detecting CXX compiler ABI info compiled with the following output:
Change Dir: /home/hieu/esp/datn/firmware/mini_drone/build/bootloader/CMakeFiles/CMakeScratch/TryCompile-kNshAb

Run Build Command(s):/usr/bin/ninja cmTC_6ee45 && [1/2] Building CXX object CMakeFiles/cmTC_6ee45.dir/CMakeCXXCompilerABI.cpp.obj
Using built-in specs.
COLLECT_GCC=/home/hieu/.espressif/tools/xtensa-esp-elf/esp-13.2.0_20240530/xtensa-esp-elf/bin/xtensa-esp-elf-g++
Target: xtensa-esp-elf
Configured with: /builds/idf/crosstool-NG/.build/xtensa-esp-elf/src/gcc/configure --build=x86_64-build_pc-linux-gnu --host=x86_64-build_pc-linux-gnu --target=xtensa-esp-elf --prefix=/builds/idf/crosstool-NG/builds/xtensa-esp-elf --exec_prefix=/builds/idf/crosstool-NG/builds/xtensa-esp-elf --with-local-prefix=/builds/idf/crosstool-NG/builds/xtensa-esp-elf/xtensa-esp-elf --with-sysroot=/builds/idf/crosstool-NG/builds/xtensa-esp-elf/xtensa-esp-elf --with-native-system-header-dir=/include --with-newlib --enable-threads=no --disable-shared --with-pkgversion='crosstool-NG esp-13.2.0_20240530' --disable-__cxa_atexit --enable-cxx-flags=-ffunction-sections --disable-libgomp --disable-libmudflap --disable-libmpx --disable-libssp --disable-libquadmath --disable-libquadmath-support --disable-libstdcxx-verbose --with-gmp=/builds/idf/crosstool-NG/.build/xtensa-esp-elf/buildtools --with-mpfr=/builds/idf/crosstool-NG/.build/xtensa-esp-elf/buildtools --with-mpc=/builds/idf/crosstool-NG/.build/xtensa-esp-elf/buildtools --with-isl=/builds/idf/crosstool-NG/.build/xtensa-esp-elf/buildtools --enable-lto --enable-target-optspace --without-long-double-128 --disable-nls --enable-multiarch --enable-languages=c,c++ --disable-libstdcxx-verbose --enable-threads=posix --enable-gcov-custom-rtio --enable-libstdcxx-time=yes
Thread model: posix
Supported LTO compression algorithms: zlib zstd
gcc version 13.2.0 (crosstool-NG esp-13.2.0_20240530) 
COLLECT_GCC_OPTIONS='-mdynconfig=xtensa_esp32.so' '-mlongcalls' '-Wno-frame-address' '-fno-builtin-memcpy' '-fno-builtin-memset' '-fno-builtin-bzero' '-fno-builtin-stpcpy' '-fno-builtin-strncpy' '-v' '-o' 'CMakeFiles/cmTC_6ee45.dir/CMakeCXXCompilerABI.cpp.obj' '-c' '-dumpdir' 'CMakeFiles/cmTC_6ee45.dir/'
 /home/hieu/.espressif/tools/xtensa-esp-elf/esp-13.2.0_20240530/xtensa-esp-elf/bin/../libexec/gcc/xtensa-esp-elf/13.2.0/cc1plus -quiet -v -imultilib esp32 -iprefix /home/hieu/.espressif/tools/xtensa-esp-elf/esp-13.2.0_20240530/xtensa-esp-elf/bin/../lib/gcc/xtensa-esp-elf/13.2.0/ -isysroot /home/hieu/.espressif/tools/xtensa-esp-elf/esp-13.2.0_20240530/xtensa-esp-elf/bin/../xtensa-esp-elf /usr/share/cmake-3.25/Modules/CMakeCXXCompilerABI.cpp -quiet -dumpdir CMakeFiles/cmTC_6ee45.dir/ -dumpbase CMakeCXXCompilerABI.cpp.cpp -dumpbase-ext .cpp -mdynconfig=xtensa_esp32.so -mlongcalls -Wno-frame-address -version -fno-builtin-memcpy -fno-builtin-memset -fno-builtin-bzero -fno-builtin-stpcpy -fno-builtin-strncpy -o /tmp/ccQiXOxd.s
GNU C++17 (crosstool-NG esp-13.2.0_20240530) version 13.2.0 (xtensa-esp-elf)
	compiled by GNU C version 4.9.2, GMP version 6.2.1, MPFR version 4.2.1, MPC version 1.2.1, isl version isl-0.26-GMP

GGC heuristics: --param ggc-min-expand=100 --param ggc-min-heapsize=131072
ignoring duplicate directory "/home/hieu/.espressif/tools/xtensa-esp-elf/esp-13.2.0_20240530/xtensa-esp-elf/bin/../lib/gcc/../../lib/gcc/xtensa-esp-elf/13.2.0/../../../../xtensa-esp-elf/include/c++/13.2.0"
ignoring duplicate directory "/home/hieu/.espressif/tools/xtensa-esp-elf/esp-13.2.0_20240530/xtensa-esp-elf/bin/../lib/gcc/../../lib/gcc/xtensa-esp-elf/13.2.0/../../../../xtensa-esp-elf/include/c++/13.2.0/xtensa-esp-elf/esp32"
ignoring duplicate directory "/home/hieu/.espressif/tools/xtensa-esp-elf/esp-13.2.0_20240530/xtensa-esp-elf/bin/../lib/gcc/../../lib/gcc/xtensa-esp-elf/13.2.0/../../../../xtensa-esp-elf/include/c++/13.2.0/backward"
ignoring duplicate directory "/home/hieu/.espressif/tools/xtensa-esp-elf/esp-13.2.0_20240530/xtensa-esp-elf/bin/../lib/gcc/../../lib/gcc/xtensa-esp-elf/13.2.0/include"
ignoring nonexistent directory "/home/hieu/.espressif/tools/xtensa-esp-elf/esp-13.2.0_20240530/xtensa-esp-elf/bin/../xtensa-esp-elf/builds/idf/crosstool-NG/builds/xtensa-esp-elf/xtensa-esp-elf/include"
ignoring duplicate directory "/home/hieu/.espressif/tools/xtensa-esp-elf/esp-13.2.0_20240530/xtensa-esp-elf/bin/../lib/gcc/../../lib/gcc/xtensa-esp-elf/13.2.0/include-fixed"
ignoring duplicate directory "/home/hieu/.espressif/tools/xtensa-esp-elf/esp-13.2.0_20240530/xtensa-esp-elf/bin/../lib/gcc/../../lib/gcc/xtensa-esp-elf/13.2.0/../../../../xtensa-esp-elf/include"
ignoring duplicate directory "/home/hieu/.espressif/tools/xtensa-esp-elf/esp-13.2.0_20240530/xtensa-esp-elf/bin/../xtensa-esp-elf/include"
#include "..." search starts here:
#include <...> search starts here:
 /home/hieu/.espressif/tools/xtensa-esp-elf/esp-13.2.0_20240530/xtensa-esp-elf/bin/../lib/gcc/xtensa-esp-elf/13.2.0/../../../../xtensa-esp-elf/include/c++/13.2.0
 /home/hieu/.espressif/tools/xtensa-esp-elf/esp-13.2.0_20240530/xtensa-esp-elf/bin/../lib/gcc/xtensa-esp-elf/13.2.0/../../../../xtensa-esp-elf/include/c++/13.2.0/xtensa-esp-elf/esp32
 /home/hieu/.espressif/tools/xtensa-esp-elf/esp-13.2.0_20240530/xtensa-esp-elf/bin/../lib/gcc/xtensa-esp-elf/13.2.0/../../../../xtensa-esp-elf/include/c++/13.2.0/backward
 /home/hieu/.espressif/tools/xtensa-esp-elf/esp-13.2.0_20240530/xtensa-esp-elf/bin/../lib/gcc/xtensa-esp-elf/13.2.0/include
 /home/hieu/.espressif/tools/xtensa-esp-elf/esp-13.2.0_20240530/xtensa-esp-elf/bin/../lib/gcc/xtensa-esp-elf/13.2.0/include-fixed
 /home/hieu/.espressif/tools/xtensa-esp-elf/esp-13.2.0_20240530/xtensa-esp-elf/bin/../lib/gcc/xtensa-esp-elf/13.2.0/../../../../xtensa-esp-elf/include
End of search list.
Compiler executable checksum: 3fdfce749ea544c745547228112e6d81
COLLECT_GCC_OPTIONS='-mdynconfig=xtensa_esp32.so' '-mlongcalls' '-Wno-frame-address' '-fno-builtin-memcpy' '-fno-builtin-memset' '-fno-builtin-bzero' '-fno-builtin-stpcpy' '-fno-builtin-strncpy' '-v' '-o' 'CMakeFiles/cmTC_6ee45.dir/CMakeCXXCompilerABI.cpp.obj' '-c' '-dumpdir' 'CMakeFiles/cmTC_6ee45.dir/'
 /home/hieu/.espressif/tools/xtensa-esp-elf/esp-13.2.0_20240530/xtensa-esp-elf/bin/../lib/gcc/xtensa-esp-elf/13.2.0/../../../../xtensa-esp-elf/bin/as --traditional-format --longcalls --dynconfig=xtensa_esp32.so -o CMakeFiles/cmTC_6ee45.dir/CMakeCXXCompilerABI.cpp.obj /tmp/ccQiXOxd.s
COMPILER_PATH=/home/hieu/.espressif/tools/xtensa-esp-elf/esp-13.2.0_20240530/xtensa-esp-elf/bin/../libexec/gcc/xtensa-esp-elf/13.2.0/:/home/hieu/.espressif/tools/xtensa-esp-elf/esp-13.2.0_20240530/xtensa-esp-elf/bin/../libexec/gcc/:/home/hieu/.espressif/tools/xtensa-esp-elf/esp-13.2.0_20240530/xtensa-esp-elf/bin/../lib/gcc/xtensa-esp-elf/13.2.0/../../../../xtensa-esp-elf/bin/
LIBRARY_PATH=/home/hieu/.espressif/tools/xtensa-esp-elf/esp-13.2.0_20240530/xtensa-esp-elf/bin/../lib/gcc/xtensa-esp-elf/13.2.0/esp32/:/home/hieu/.espressif/tools/xtensa-esp-elf/esp-13.2.0_20240530/xtensa-esp-elf/bin/../lib/gcc/xtensa-esp-elf/13.2.0/../../../../xtensa-esp-elf/lib/esp32/:/home/hieu/.espressif/tools/xtensa-esp-elf/esp-13.2.0_20240530/xtensa-esp-elf/bin/../xtensa-esp-elf/lib/esp32/:/home/hieu/.espressif/tools/xtensa-esp-elf/esp-13.2.0_20240530/xtensa-esp-elf/bin/../lib/gcc/xtensa-esp-elf/13.2.0/:/home/hieu/.espressif/tools/xtensa-esp-elf/esp-13.2.0_20240530/xtensa-esp-elf/bin/../lib/gcc/:/home/hieu/.espressif/tools/xtensa-esp-elf/esp-13.2.0_20240530/xtensa-esp-elf/bin/../lib/gcc/xtensa-esp-elf/13.2.0/../../../../xtensa-esp-elf/lib/:/home/hieu/.espressif/tools/xtensa-esp-elf/esp-13.2.0_20240530/xtensa-esp-elf/bin/../xtensa-esp-elf/lib/:/home/hieu/.espressif/tools/xtensa-esp-elf/esp-13.2.0_20240530/xtensa-esp-elf/bin/../xtensa-esp-elf/usr/lib/
COLLECT_GCC_OPTIONS='-mdynconfig=xtensa_esp32.so' '-mlongcalls' '-Wno-frame-address' '-fno-builtin-memcpy' '-fno-builtin-memset' '-fno-builtin-bzero' '-fno-builtin-stpcpy' '-fno-builtin-strncpy' '-v' '-o' 'CMakeFiles/cmTC_6ee45.dir/CMakeCXXCompilerABI.cpp.obj' '-c' '-dumpdir' 'CMakeFiles/cmTC_6ee45.dir/CMakeCXXCompilerABI.cpp.'
[2/2] Linking CXX executable cmTC_6ee45
Using built-in specs.
COLLECT_GCC=/home/hieu/.espressif/tools/xtensa-esp-elf/esp-13.2.0_20240530/xtensa-esp-elf/bin/xtensa-esp-elf-g++
COLLECT_LTO_WRAPPER=/home/hieu/.espressif/tools/xtensa-esp-elf/esp-13.2.0_20240530/xtensa-esp-elf/bin/../libexec/gcc/xtensa-esp-elf/13.2.0/lto-wrapper
Target: xtensa-esp-elf
Configured with: /builds/idf/crosstool-NG/.build/xtensa-esp-elf/src/gcc/configure --build=x86_64-build_pc-linux-gnu --host=x86_64-build_pc-linux-gnu --target=xtensa-esp-elf --prefix=/builds/idf/crosstool-NG/builds/xtensa-esp-elf --exec_prefix=/builds/idf/crosstool-NG/builds/xtensa-esp-elf --with-local-prefix=/builds/idf/crosstool-NG/builds/xtensa-esp-elf/xtensa-esp-elf --with-sysroot=/builds/idf/crosstool-NG/builds/xtensa-esp-elf/xtensa-esp-elf --with-native-system-header-dir=/include --with-newlib --enable-threads=no --disable-shared --with-pkgversion='crosstool-NG esp-13.2.0_20240530' --disable-__cxa_atexit --enable-cxx-flags=-ffunction-sections --disable-libgomp --disable-libmudflap --disable-libmpx --disable-libssp --disable-libquadmath --disable-libquadmath-support --disable-libstdcxx-verbose --with-gmp=/builds/idf/crosstool-NG/.build/xtensa-esp-elf/buildtools --with-mpfr=/builds/idf/crosstool-NG/.build/xtensa-esp-elf/buildtools --with-mpc=/builds/idf/crosstool-NG/.build/xtensa-esp-elf/buildtools --with-isl=/builds/idf/crosstool-NG/.build/xtensa-esp-elf/buildtools --enable-lto --enable-target-optspace --without-long-double-128 --disable-nls --enable-multiarch --enable-languages=c,c++ --disable-libstdcxx-verbose --enable-threads=posix --enable-gcov-custom-rtio --enable-libstdcxx-time=yes
Thread model: posix
Supported LTO compression algorithms: zlib zstd
gcc version 13.2.0 (crosstool-NG esp-13.2.0_20240530) 
COMPILER_PATH=/home/hieu/.espressif/tools/xtensa-esp-elf/esp-13.2.0_20240530/xtensa-esp-elf/bin/../libexec/gcc/xtensa-esp-elf/13.2.0/:/home/hieu/.espressif/tools/xtensa-esp-elf/esp-13.2.0_20240530/xtensa-esp-elf/bin/../libexec/gcc/:/home/hieu/.espressif/tools/xtensa-esp-elf/esp-13.2.0_20240530/xtensa-esp-elf/bin/../lib/gcc/xtensa-esp-elf/13.2.0/../../../../xtensa-esp-elf/bin/
LIBRARY_PATH=/home/hieu/.espressif/tools/xtensa-esp-elf/esp-13.2.0_20240530/xtensa-esp-elf/bin/../lib/gcc/xtensa-esp-elf/13.2.0/esp32/:/home/hieu/.espressif/tools/xtensa-esp-elf/esp-13.2.0_20240530/xtensa-esp-elf/bin/../lib/gcc/xtensa-esp-elf/13.2.0/../../../../xtensa-esp-elf/lib/esp32/:/home/hieu/.espressif/tools/xtensa-esp-elf/esp-13.2.0_20240530/xtensa-esp-elf/bin/../xtensa-esp-elf/lib/esp32/:/home/hieu/.espressif/tools/xtensa-esp-elf/esp-13.2.0_20240530/xtensa-esp-elf/bin/../lib/gcc/xtensa-esp-elf/13.2.0/:/home/hieu/.espressif/tools/xtensa-esp-elf/esp-13.2.0_20240530/xtensa-esp-elf/bin/../lib/gcc/:/home/hieu/.espressif/tools/xtensa-esp-elf/esp-13.2.0_20240530/xtensa-esp-elf/bin/../lib/gcc/xtensa-esp-elf/13.2.0/../../../../xtensa-esp-elf/lib/:/home/hieu/.espressif/tools/xtensa-esp-elf/esp-13.2.0_20240530/xtensa-esp-elf/bin/../xtensa-esp-elf/lib/:/home/hieu/.espressif/tools/xtensa-esp-elf/esp-13.2.0_20240530/xtensa-esp-elf/bin/../xtensa-esp-elf/usr/lib/
COLLECT_GCC_OPTIONS='-mdynconfig=xtensa_esp32.so' '-mlongcalls' '-Wno-frame-address' '-fno-builtin-memcpy' '-fno-builtin-memset' '-fno-builtin-bzero' '-fno-builtin-stpcpy' '-fno-builtin-strncpy' '-v' '-o' 'cmTC_6ee45' '-dumpdir' 'cmTC_6ee45.'
 /home/hieu/.espressif/tools/xtensa-esp-elf/esp-13.2.0_20240530/xtensa-esp-elf/bin/../libexec/gcc/xtensa-esp-elf/13.2.0/collect2 -plugin /home/hieu/.espressif/tools/xtensa-esp-elf/esp-13.2.0_20240530/xtensa-esp-elf/bin/../libexec/gcc/xtensa-esp-elf/13.2.0/liblto_plugin.so -plugin-opt=/home/hieu/.espressif/tools/xtensa-esp-elf/esp-13.2.0_20240530/xtensa-esp-elf/bin/../libexec/gcc/xtensa-esp-elf/13.2.0/lto-wrapper -plugin-opt=-fresolution=/tmp/ccOiEfZA.res -plugin-opt=-pass-through=-lgcc -plugin-opt=-pass-through=-lc -plugin-opt=-pass-through=-lnosys -plugin-opt=-pass-through=-lc -plugin-opt=-pass-through=-lgcc --sysroot=/home/hieu/.espressif/tools/xtensa-esp-elf/esp-13.2.0_20240530/xtensa-esp-elf/bin/../xtensa-esp-elf --dynconfig=xtensa_esp32.so -o cmTC_6ee45 /home/hieu/.espressif/tools/xtensa-esp-elf/esp-13.2.0_20240530/xtensa-esp-elf/bin/../lib/gcc/xtensa-esp-elf/13.2.0/../../../../xtensa-esp-elf/lib/esp32/crt0.o /home/hieu/.espressif/tools/xtensa-esp-elf/esp-13.2.0_20240530/xtensa-esp-elf/bin/../lib/gcc/xtensa-esp-elf/13.2.0/esp32/crti.o /home/hieu/.espressif/tools/xtensa-esp-elf/esp-13.2.0_20240530/xtensa-esp-elf/bin/../lib/gcc/xtensa-esp-elf/13.2.0/esp32/crtbegin.o -L/home/hieu/.espressif/tools/xtensa-esp-elf/esp-13.2.0_20240530/xtensa-esp-elf/bin/../lib/gcc/xtensa-esp-elf/13.2.0/esp32 -L/home/hieu/.espressif/tools/xtensa-esp-elf/esp-13.2.0_20240530/xtensa-esp-elf/bin/../lib/gcc/xtensa-esp-elf/13.2.0/../../../../xtensa-esp-elf/lib/esp32 -L/home/hieu/.espressif/tools/xtensa-esp-elf/esp-13.2.0_20240530/xtensa-esp-elf/bin/../xtensa-esp-elf/lib/esp32 -L/home/hieu/.espressif/tools/xtensa-esp-elf/esp-13.2.0_20240530/xtensa-esp-elf/bin/../lib/gcc/xtensa-esp-elf/13.2.0 -L/home/hieu/.espressif/tools/xtensa-esp-elf/esp-13.2.0_20240530/xtensa-esp-elf/bin/../lib/gcc -L/home/hieu/.espressif/tools/xtensa-esp-elf/esp-13.2.0_20240530/xtensa-esp-elf/bin/../lib/gcc/xtensa-esp-elf/13.2.0/../../../../xtensa-esp-elf/lib -L/home/hieu/.espressif/tools/xtensa-esp-elf/esp-13.2.0_20240530/xtensa-esp-elf/bin/../xtensa-esp-elf/lib -L/home/hieu/.espressif/tools/xtensa-esp-elf/esp-13.2.0_20240530/xtensa-esp-elf/bin/../xtensa-esp-elf/usr/lib CMakeFiles/cmTC_6ee45.dir/CMakeCXXCompilerABI.cpp.obj -lstdc++ -lm -lgcc -lc -lnosys -lc -lgcc /home/hieu/.espressif/tools/xtensa-esp-elf/esp-13.2.0_20240530/xtensa-esp-elf/bin/../lib/gcc/xtensa-esp-elf/13.2.0/esp32/crtend.o /home/hieu/.espressif/tools/xtensa-esp-elf/esp-13.2.0_20240530/xtensa-esp-elf/bin/../lib/gcc/xtensa-esp-elf/13.2.0/esp32/crtn.o
COLLECT_GCC_OPTIONS='-mdynconfig=xtensa_esp32.so' '-mlongcalls' '-Wno-frame-address' '-fno-builtin-memcpy' '-fno-builtin-memset' '-fno-builtin-bzero' '-fno-builtin-stpcpy' '-fno-builtin-strncpy' '-v' '-o' 'cmTC_6ee45' '-dumpdir' 'cmTC_6ee45.'



Parsed CXX implicit include dir info from above output: rv=done
  found start of include info
  found start of implicit include info
    add: [/home/hieu/.espressif/tools/xtensa-esp-elf/esp-13.2.0_20240530/xtensa-esp-elf/bin/../lib/gcc/xtensa-esp-elf/13.2.0/../../../../xtensa-esp-elf/include/c++/13.2.0]
    add: [/home/hieu/.espressif/tools/xtensa-esp-elf/esp-13.2.0_20240530/xtensa-esp-elf/bin/../lib/gcc/xtensa-esp-elf/13.2.0/../../../../xtensa-esp-elf/include/c++/13.2.0/xtensa-esp-elf/esp32]
    add: [/home/hieu/.espressif/tools/xtensa-esp-elf/esp-13.2.0_20240530/xtensa-esp-elf/bin/../lib/gcc/xtensa-esp-elf/13.2.0/../../../../xtensa-esp-elf/include/c++/13.2.0/backward]
    add: [/home/hieu/.espressif/tools/xtensa-esp-elf/esp-13.2.0_20240530/xtensa-esp-elf/bin/../lib/gcc/xtensa-esp-elf/13.2.0/include]
    add: [/home/hieu/.espressif/tools/xtensa-esp-elf/esp-13.2.0_20240530/xtensa-esp-elf/bin/../lib/gcc/xtensa-esp-elf/13.2.0/include-fixed]
    add: [/home/hieu/.espressif/tools/xtensa-esp-elf/esp-13.2.0_20240530/xtensa-esp-elf/bin/../lib/gcc/xtensa-esp-elf/13.2.0/../../../../xtensa-esp-elf/include]
  end of search list found
  collapse include dir [/home/hieu/.espressif/tools/xtensa-esp-elf/esp-13.2.0_20240530/xtensa-esp-elf/bin/../lib/gcc/xtensa-esp-elf/13.2.0/../../../../xtensa-esp-elf/include/c++/13.2.0] ==> [/home/hieu/.espressif/tools/xtensa-esp-elf/esp-13.2.0_20240530/xtensa-esp-elf/xtensa-esp-elf/include/c++/13.2.0]
  collapse include dir [/home/hieu/.espressif/tools/xtensa-esp-elf/esp-13.2.0_20240530/xtensa-esp-elf/bin/../lib/gcc/xtensa-esp-elf/13.2.0/../../../../xtensa-esp-elf/include/c++/13.2.0/xtensa-esp-elf/esp32] ==> [/home/hieu/.espressif/tools/xtensa-esp-elf/esp-13.2.0_20240530/xtensa-esp-elf/xtensa-esp-elf/include/c++/13.2.0/xtensa-esp-elf/esp32]
  collapse include dir [/home/hieu/.espressif/tools/xtensa-esp-elf/esp-13.2.0_20240530/xtensa-esp-elf/bin/../lib/gcc/xtensa-esp-elf/13.2.0/../../../../xtensa-esp-elf/include/c++/13.2.0/backward] ==> [/home/hieu/.espressif/tools/xtensa-esp-elf/esp-13.2.0_20240530/xtensa-esp-elf/xtensa-esp-elf/include/c++/13.2.0/backward]
  collapse include dir [/home/hieu/.espressif/tools/xtensa-esp-elf/esp-13.2.0_20240530/xtensa-esp-elf/bin/../lib/gcc/xtensa-esp-elf/13.2.0/include] ==> [/home/hieu/.espressif/tools/xtensa-esp-elf/esp-13.2.0_20240530/xtensa-esp-elf/lib/gcc/xtensa-esp-elf/13.2.0/include]
  collapse include dir [/home/hieu/.espressif/tools/xtensa-esp-elf/esp-13.2.0_20240530/xtensa-esp-elf/bin/../lib/gcc/xtensa-esp-elf/13.2.0/include-fixed] ==> [/home/hieu/.espressif/tools/xtensa-esp-elf/esp-13.2.0_20240530/xtensa-esp-elf/lib/gcc/xtensa-esp-elf/13.2.0/include-fixed]
  collapse include dir [/home/hieu/.espressif/tools/xtensa-esp-elf/esp-13.2.0_20240530/xtensa-esp-elf/bin/../lib/gcc/xtensa-esp-elf/13.2.0/../../../../xtensa-esp-elf/include] ==> [/home/hieu/.espressif/tools/xtensa-esp-elf/esp-13.2.0_20240530/xtensa-esp-elf/xtensa-esp-elf/include]
  implicit include dirs: [/home/hieu/.espressif/tools/xtensa-esp-elf/esp-13.2.0_20240530/xtensa-esp-elf/xtensa-esp-elf/include/c++/13.2.0;/home/hieu/.espressif/tools/xtensa-esp-elf/esp-13.2.0_20240530/xtensa-esp-elf/xtensa-esp-elf/include/c++/13.2.0/xtensa-esp-elf/esp32;/home/hieu/.espressif/tools/xtensa-esp-elf/esp-13.2.0_20240530/xtensa-esp-elf/xtensa-esp-elf/include/c++/13.2.0/backward;/home/hieu/.espressif/tools/xtensa-esp-elf/esp-13.2.0_20240530/xtensa-esp-elf/lib/gcc/xtensa-esp-elf/13.2.0/include;/home/hieu/.espressif/tools/xtensa-esp-elf/esp-13.2.0_20240530/xtensa-esp-elf/lib/gcc/xtensa-esp-elf/13.2.0/include-fixed;/home/hieu/.espressif/tools/xtensa-esp-elf/esp-13.2.0_20240530/xtensa-esp-elf/xtensa-esp-elf/include]


Parsed CXX implicit link information from above output:
  link line regex: [^( *|.*[/\])(xtensa-esp32-elf-ld|CMAKE_LINK_STARTFILE-NOTFOUND|([^/\]+-)?ld|collect2)[^/\]*( |$)]
  ignore line: [Change Dir: /home/hieu/esp/datn/firmware/mini_drone/build/bootloader/CMakeFiles/CMakeScratch/TryCompile-kNshAb]
  ignore line: []
  ignore line: [Run Build Command(s):/usr/bin/ninja cmTC_6ee45 && [1/2] Building CXX object CMakeFiles/cmTC_6ee45.dir/CMakeCXXCompilerABI.cpp.obj]
  ignore line: [Using built-in specs.]
  ignore line: [COLLECT_GCC=/home/hieu/.espressif/tools/xtensa-esp-elf/esp-13.2.0_20240530/xtensa-esp-elf/bin/xtensa-esp-elf-g++]
  ignore line: [Target: xtensa-esp-elf]
  ignore line: [Configured with: /builds/idf/crosstool-NG/.build/xtensa-esp-elf/src/gcc/configure --build=x86_64-build_pc-linux-gnu --host=x86_64-build_pc-linux-gnu --target=xtensa-esp-elf --prefix=/builds/idf/crosstool-NG/builds/xtensa-esp-elf --exec_prefix=/builds/idf/crosstool-NG/builds/xtensa-esp-elf --with-local-prefix=/builds/idf/crosstool-NG/builds/xtensa-esp-elf/xtensa-esp-elf --with-sysroot=/builds/idf/crosstool-NG/builds/xtensa-esp-elf/xtensa-esp-elf --with-native-system-header-dir=/include --with-newlib --enable-threads=no --disable-shared --with-pkgversion='crosstool-NG esp-13.2.0_20240530' --disable-__cxa_atexit --enable-cxx-flags=-ffunction-sections --disable-libgomp --disable-libmudflap --disable-libmpx --disable-libssp --disable-libquadmath --disable-libquadmath-support --disable-libstdcxx-verbose --with-gmp=/builds/idf/crosstool-NG/.build/xtensa-esp-elf/buildtools --with-mpfr=/builds/idf/crosstool-NG/.build/xtensa-esp-elf/buildtools --with-mpc=/builds/idf/crosstool-NG/.build/xtensa-esp-elf/buildtools --with-isl=/builds/idf/crosstool-NG/.build/xtensa-esp-elf/buildtools --enable-lto --enable-target-optspace --without-long-double-128 --disable-nls --enable-multiarch --enable-languages=c c++ --disable-libstdcxx-verbose --enable-threads=posix --enable-gcov-custom-rtio --enable-libstdcxx-time=yes]
  ignore line: [Thread model: posix]
  ignore line: [Supported LTO compression algorithms: zlib zstd]
  ignore line: [gcc version 13.2.0 (crosstool-NG esp-13.2.0_20240530) ]
  ignore line: [COLLECT_GCC_OPTIONS='-mdynconfig=xtensa_esp32.so' '-mlongcalls' '-Wno-frame-address' '-fno-builtin-memcpy' '-fno-builtin-memset' '-fno-builtin-bzero' '-fno-builtin-stpcpy' '-fno-builtin-strncpy' '-v' '-o' 'CMakeFiles/cmTC_6ee45.dir/CMakeCXXCompilerABI.cpp.obj' '-c' '-dumpdir' 'CMakeFiles/cmTC_6ee45.dir/']
  ignore line: [ /home/hieu/.espressif/tools/xtensa-esp-elf/esp-13.2.0_20240530/xtensa-esp-elf/bin/../libexec/gcc/xtensa-esp-elf/13.2.0/cc1plus -quiet -v -imultilib esp32 -iprefix /home/hieu/.espressif/tools/xtensa-esp-elf/esp-13.2.0_20240530/xtensa-esp-elf/bin/../lib/gcc/xtensa-esp-elf/13.2.0/ -isysroot /home/hieu/.espressif/tools/xtensa-esp-elf/esp-13.2.0_20240530/xtensa-esp-elf/bin/../xtensa-esp-elf /usr/share/cmake-3.25/Modules/CMakeCXXCompilerABI.cpp -quiet -dumpdir CMakeFiles/cmTC_6ee45.dir/ -dumpbase CMakeCXXCompilerABI.cpp.cpp -dumpbase-ext .cpp -mdynconfig=xtensa_esp32.so -mlongcalls -Wno-frame-address -version -fno-builtin-memcpy -fno-builtin-memset -fno-builtin-bzero -fno-builtin-stpcpy -fno-builtin-strncpy -o /tmp/ccQiXOxd.s]
  ignore line: [GNU C++17 (crosstool-NG esp-13.2.0_20240530) version 13.2.0 (xtensa-esp-elf)]
  ignore line: [	compiled by GNU C version 4.9.2  GMP version 6.2.1  MPFR version 4.2.1  MPC version 1.2.1  isl version isl-0.26-GMP]
  ignore line: []
  ignore line: [GGC heuristics: --param ggc-min-expand=100 --param ggc-min-heapsize=131072]
  ignore line: [ignoring duplicate directory "/home/hieu/.espressif/tools/xtensa-esp-elf/esp-13.2.0_20240530/xtensa-esp-elf/bin/../lib/gcc/../../lib/gcc/xtensa-esp-elf/13.2.0/../../../../xtensa-esp-elf/include/c++/13.2.0"]
  ignore line: [ignoring duplicate directory "/home/hieu/.espressif/tools/xtensa-esp-elf/esp-13.2.0_20240530/xtensa-esp-elf/bin/../lib/gcc/../../lib/gcc/xtensa-esp-elf/13.2.0/../../../../xtensa-esp-elf/include/c++/13.2.0/xtensa-esp-elf/esp32"]
  ignore line: [ignoring duplicate directory "/home/hieu/.espressif/tools/xtensa-esp-elf/esp-13.2.0_20240530/xtensa-esp-elf/bin/../lib/gcc/../../lib/gcc/xtensa-esp-elf/13.2.0/../../../../xtensa-esp-elf/include/c++/13.2.0/backward"]
  ignore line: [ignoring duplicate directory "/home/hieu/.espressif/tools/xtensa-esp-elf/esp-13.2.0_20240530/xtensa-esp-elf/bin/../lib/gcc/../../lib/gcc/xtensa-esp-elf/13.2.0/include"]
  ignore line: [ignoring nonexistent directory "/home/hieu/.espressif/tools/xtensa-esp-elf/esp-13.2.0_20240530/xtensa-esp-elf/bin/../xtensa-esp-elf/builds/idf/crosstool-NG/builds/xtensa-esp-elf/xtensa-esp-elf/include"]
  ignore line: [ignoring duplicate directory "/home/hieu/.espressif/tools/xtensa-esp-elf/esp-13.2.0_20240530/xtensa-esp-elf/bin/../lib/gcc/../../lib/gcc/xtensa-esp-elf/13.2.0/include-fixed"]
  ignore line: [ignoring duplicate directory "/home/hieu/.espressif/tools/xtensa-esp-elf/esp-13.2.0_20240530/xtensa-esp-elf/bin/../lib/gcc/../../lib/gcc/xtensa-esp-elf/13.2.0/../../../../xtensa-esp-elf/include"]
  ignore line: [ignoring duplicate directory "/home/hieu/.espressif/tools/xtensa-esp-elf/esp-13.2.0_20240530/xtensa-esp-elf/bin/../xtensa-esp-elf/include"]
  ignore line: [#include "..." search starts here:]
  ignore line: [#include <...> search starts here:]
  ignore line: [ /home/hieu/.espressif/tools/xtensa-esp-elf/esp-13.2.0_20240530/xtensa-esp-elf/bin/../lib/gcc/xtensa-esp-elf/13.2.0/../../../../xtensa-esp-elf/include/c++/13.2.0]
  ignore line: [ /home/hieu/.espressif/tools/xtensa-esp-elf/esp-13.2.0_20240530/xtensa-esp-elf/bin/../lib/gcc/xtensa-esp-elf/13.2.0/../../../../xtensa-esp-elf/include/c++/13.2.0/xtensa-esp-elf/esp32]
  ignore line: [ /home/hieu/.espressif/tools/xtensa-esp-elf/esp-13.2.0_20240530/xtensa-esp-elf/bin/../lib/gcc/xtensa-esp-elf/13.2.0/../../../../xtensa-esp-elf/include/c++/13.2.0/backward]
  ignore line: [ /home/hieu/.espressif/tools/xtensa-esp-elf/esp-13.2.0_20240530/xtensa-esp-elf/bin/../lib/gcc/xtensa-esp-elf/13.2.0/include]
  ignore line: [ /home/hieu/.espressif/tools/xtensa-esp-elf/esp-13.2.0_20240530/xtensa-esp-elf/bin/../lib/gcc/xtensa-esp-elf/13.2.0/include-fixed]
  ignore line: [ /home/hieu/.espressif/tools/xtensa-esp-elf/esp-13.2.0_20240530/xtensa-esp-elf/bin/../lib/gcc/xtensa-esp-elf/13.2.0/../../../../xtensa-esp-elf/include]
  ignore line: [End of search list.]
  ignore line: [Compiler executable checksum: 3fdfce749ea544c745547228112e6d81]
  ignore line: [COLLECT_GCC_OPTIONS='-mdynconfig=xtensa_esp32.so' '-mlongcalls' '-Wno-frame-address' '-fno-builtin-memcpy' '-fno-builtin-memset' '-fno-builtin-bzero' '-fno-builtin-stpcpy' '-fno-builtin-strncpy' '-v' '-o' 'CMakeFiles/cmTC_6ee45.dir/CMakeCXXCompilerABI.cpp.obj' '-c' '-dumpdir' 'CMakeFiles/cmTC_6ee45.dir/']
  ignore line: [ /home/hieu/.espressif/tools/xtensa-esp-elf/esp-13.2.0_20240530/xtensa-esp-elf/bin/../lib/gcc/xtensa-esp-elf/13.2.0/../../../../xtensa-esp-elf/bin/as --traditional-format --longcalls --dynconfig=xtensa_esp32.so -o CMakeFiles/cmTC_6ee45.dir/CMakeCXXCompilerABI.cpp.obj /tmp/ccQiXOxd.s]
  ignore line: [COMPILER_PATH=/home/hieu/.espressif/tools/xtensa-esp-elf/esp-13.2.0_20240530/xtensa-esp-elf/bin/../libexec/gcc/xtensa-esp-elf/13.2.0/:/home/hieu/.espressif/tools/xtensa-esp-elf/esp-13.2.0_20240530/xtensa-esp-elf/bin/../libexec/gcc/:/home/hieu/.espressif/tools/xtensa-esp-elf/esp-13.2.0_20240530/xtensa-esp-elf/bin/../lib/gcc/xtensa-esp-elf/13.2.0/../../../../xtensa-esp-elf/bin/]
  ignore line: [LIBRARY_PATH=/home/hieu/.espressif/tools/xtensa-esp-elf/esp-13.2.0_20240530/xtensa-esp-elf/bin/../lib/gcc/xtensa-esp-elf/13.2.0/esp32/:/home/hieu/.espressif/tools/xtensa-esp-elf/esp-13.2.0_20240530/xtensa-esp-elf/bin/../lib/gcc/xtensa-esp-elf/13.2.0/../../../../xtensa-esp-elf/lib/esp32/:/home/hieu/.espressif/tools/xtensa-esp-elf/esp-13.2.0_20240530/xtensa-esp-elf/bin/../xtensa-esp-elf/lib/esp32/:/home/hieu/.espressif/tools/xtensa-esp-elf/esp-13.2.0_20240530/xtensa-esp-elf/bin/../lib/gcc/xtensa-esp-elf/13.2.0/:/home/hieu/.espressif/tools/xtensa-esp-elf/esp-13.2.0_20240530/xtensa-esp-elf/bin/../lib/gcc/:/home/hieu/.espressif/tools/xtensa-esp-elf/esp-13.2.0_20240530/xtensa-esp-elf/bin/../lib/gcc/xtensa-esp-elf/13.2.0/../../../../xtensa-esp-elf/lib/:/home/hieu/.espressif/tools/xtensa-esp-elf/esp-13.2.0_20240530/xtensa-esp-elf/bin/../xtensa-esp-elf/lib/:/home/hieu/.espressif/tools/xtensa-esp-elf/esp-13.2.0_20240530/xtensa-esp-elf/bin/../xtensa-esp-elf/usr/lib/]
  ignore line: [COLLECT_GCC_OPTIONS='-mdynconfig=xtensa_esp32.so' '-mlongcalls' '-Wno-frame-address' '-fno-builtin-memcpy' '-fno-builtin-memset' '-fno-builtin-bzero' '-fno-builtin-stpcpy' '-fno-builtin-strncpy' '-v' '-o' 'CMakeFiles/cmTC_6ee45.dir/CMakeCXXCompilerABI.cpp.obj' '-c' '-dumpdir' 'CMakeFiles/cmTC_6ee45.dir/CMakeCXXCompilerABI.cpp.']
  ignore line: [[2/2] Linking CXX executable cmTC_6ee45]
  ignore line: [Using built-in specs.]
  ignore line: [COLLECT_GCC=/home/hieu/.espressif/tools/xtensa-esp-elf/esp-13.2.0_20240530/xtensa-esp-elf/bin/xtensa-esp-elf-g++]
  ignore line: [COLLECT_LTO_WRAPPER=/home/hieu/.espressif/tools/xtensa-esp-elf/esp-13.2.0_20240530/xtensa-esp-elf/bin/../libexec/gcc/xtensa-esp-elf/13.2.0/lto-wrapper]
  ignore line: [Target: xtensa-esp-elf]
  ignore line: [Configured with: /builds/idf/crosstool-NG/.build/xtensa-esp-elf/src/gcc/configure --build=x86_64-build_pc-linux-gnu --host=x86_64-build_pc-linux-gnu --target=xtensa-esp-elf --prefix=/builds/idf/crosstool-NG/builds/xtensa-esp-elf --exec_prefix=/builds/idf/crosstool-NG/builds/xtensa-esp-elf --with-local-prefix=/builds/idf/crosstool-NG/builds/xtensa-esp-elf/xtensa-esp-elf --with-sysroot=/builds/idf/crosstool-NG/builds/xtensa-esp-elf/xtensa-esp-elf --with-native-system-header-dir=/include --with-newlib --enable-threads=no --disable-shared --with-pkgversion='crosstool-NG esp-13.2.0_20240530' --disable-__cxa_atexit --enable-cxx-flags=-ffunction-sections --disable-libgomp --disable-libmudflap --disable-libmpx --disable-libssp --disable-libquadmath --disable-libquadmath-support --disable-libstdcxx-verbose --with-gmp=/builds/idf/crosstool-NG/.build/xtensa-esp-elf/buildtools --with-mpfr=/builds/idf/crosstool-NG/.build/xtensa-esp-elf/buildtools --with-mpc=/builds/idf/crosstool-NG/.build/xtensa-esp-elf/buildtools --with-isl=/builds/idf/crosstool-NG/.build/xtensa-esp-elf/buildtools --enable-lto --enable-target-optspace --without-long-double-128 --disable-nls --enable-multiarch --enable-languages=c c++ --disable-libstdcxx-verbose --enable-threads=posix --enable-gcov-custom-rtio --enable-libstdcxx-time=yes]
  ignore line: [Thread model: posix]
  ignore line: [Supported LTO compression algorithms: zlib zstd]
  ignore line: [gcc version 13.2.0 (crosstool-NG esp-13.2.0_20240530) ]
  ignore line: [COMPILER_PATH=/home/hieu/.espressif/tools/xtensa-esp-elf/esp-13.2.0_20240530/xtensa-esp-elf/bin/../libexec/gcc/xtensa-esp-elf/13.2.0/:/home/hieu/.espressif/tools/xtensa-esp-elf/esp-13.2.0_20240530/xtensa-esp-elf/bin/../libexec/gcc/:/home/hieu/.espressif/tools/xtensa-esp-elf/esp-13.2.0_20240530/xtensa-esp-elf/bin/../lib/gcc/xtensa-esp-elf/13.2.0/../../../../xtensa-esp-elf/bin/]
  ignore line: [LIBRARY_PATH=/home/hieu/.espressif/tools/xtensa-esp-elf/esp-13.2.0_20240530/xtensa-esp-elf/bin/../lib/gcc/xtensa-esp-elf/13.2.0/esp32/:/home/hieu/.espressif/tools/xtensa-esp-elf/esp-13.2.0_20240530/xtensa-esp-elf/bin/../lib/gcc/xtensa-esp-elf/13.2.0/../../../../xtensa-esp-elf/lib/esp32/:/home/hieu/.espressif/tools/xtensa-esp-elf/esp-13.2.0_20240530/xtensa-esp-elf/bin/../xtensa-esp-elf/lib/esp32/:/home/hieu/.espressif/tools/xtensa-esp-elf/esp-13.2.0_20240530/xtensa-esp-elf/bin/../lib/gcc/xtensa-esp-elf/13.2.0/:/home/hieu/.espressif/tools/xtensa-esp-elf/esp-13.2.0_20240530/xtensa-esp-elf/bin/../lib/gcc/:/home/hieu/.espressif/tools/xtensa-esp-elf/esp-13.2.0_20240530/xtensa-esp-elf/bin/../lib/gcc/xtensa-esp-elf/13.2.0/../../../../xtensa-esp-elf/lib/:/home/hieu/.espressif/tools/xtensa-esp-elf/esp-13.2.0_20240530/xtensa-esp-elf/bin/../xtensa-esp-elf/lib/:/home/hieu/.espressif/tools/xtensa-esp-elf/esp-13.2.0_20240530/xtensa-esp-elf/bin/../xtensa-esp-elf/usr/lib/]
  ignore line: [COLLECT_GCC_OPTIONS='-mdynconfig=xtensa_esp32.so' '-mlongcalls' '-Wno-frame-address' '-fno-builtin-memcpy' '-fno-builtin-memset' '-fno-builtin-bzero' '-fno-builtin-stpcpy' '-fno-builtin-strncpy' '-v' '-o' 'cmTC_6ee45' '-dumpdir' 'cmTC_6ee45.']
  link line: [ /home/hieu/.espressif/tools/xtensa-esp-elf/esp-13.2.0_20240530/xtensa-esp-elf/bin/../libexec/gcc/xtensa-esp-elf/13.2.0/collect2 -plugin /home/hieu/.espressif/tools/xtensa-esp-elf/esp-13.2.0_20240530/xtensa-esp-elf/bin/../libexec/gcc/xtensa-esp-elf/13.2.0/liblto_plugin.so -plugin-opt=/home/hieu/.espressif/tools/xtensa-esp-elf/esp-13.2.0_20240530/xtensa-esp-elf/bin/../libexec/gcc/xtensa-esp-elf/13.2.0/lto-wrapper -plugin-opt=-fresolution=/tmp/ccOiEfZA.res -plugin-opt=-pass-through=-lgcc -plugin-opt=-pass-through=-lc -plugin-opt=-pass-through=-lnosys -plugin-opt=-pass-through=-lc -plugin-opt=-pass-through=-lgcc --sysroot=/home/hieu/.espressif/tools/xtensa-esp-elf/esp-13.2.0_20240530/xtensa-esp-elf/bin/../xtensa-esp-elf --dynconfig=xtensa_esp32.so -o cmTC_6ee45 /home/hieu/.espressif/tools/xtensa-esp-elf/esp-13.2.0_20240530/xtensa-esp-elf/bin/../lib/gcc/xtensa-esp-elf/13.2.0/../../../../xtensa-esp-elf/lib/esp32/crt0.o /home/hieu/.espressif/tools/xtensa-esp-elf/esp-13.2.0_20240530/xtensa-esp-elf/bin/../lib/gcc/xtensa-esp-elf/13.2.0/esp32/crti.o /home/hieu/.espressif/tools/xtensa-esp-elf/esp-13.2.0_20240530/xtensa-esp-elf/bin/../lib/gcc/xtensa-esp-elf/13.2.0/esp32/crtbegin.o -L/home/hieu/.espressif/tools/xtensa-esp-elf/esp-13.2.0_20240530/xtensa-esp-elf/bin/../lib/gcc/xtensa-esp-elf/13.2.0/esp32 -L/home/hieu/.espressif/tools/xtensa-esp-elf/esp-13.2.0_20240530/xtensa-esp-elf/bin/../lib/gcc/xtensa-esp-elf/13.2.0/../../../../xtensa-esp-elf/lib/esp32 -L/home/hieu/.espressif/tools/xtensa-esp-elf/esp-13.2.0_20240530/xtensa-esp-elf/bin/../xtensa-esp-elf/lib/esp32 -L/home/hieu/.espressif/tools/xtensa-esp-elf/esp-13.2.0_20240530/xtensa-esp-elf/bin/../lib/gcc/xtensa-esp-elf/13.2.0 -L/home/hieu/.espressif/tools/xtensa-esp-elf/esp-13.2.0_20240530/xtensa-esp-elf/bin/../lib/gcc -L/home/hieu/.espressif/tools/xtensa-esp-elf/esp-13.2.0_20240530/xtensa-esp-elf/bin/../lib/gcc/xtensa-esp-elf/13.2.0/../../../../xtensa-esp-elf/lib -L/home/hieu/.espressif/tools/xtensa-esp-elf/esp-13.2.0_20240530/xtensa-esp-elf/bin/../xtensa-esp-elf/lib -L/home/hieu/.espressif/tools/xtensa-esp-elf/esp-13.2.0_20240530/xtensa-esp-elf/bin/../xtensa-esp-elf/usr/lib CMakeFiles/cmTC_6ee45.dir/CMakeCXXCompilerABI.cpp.obj -lstdc++ -lm -lgcc -lc -lnosys -lc -lgcc /home/hieu/.espressif/tools/xtensa-esp-elf/esp-13.2.0_20240530/xtensa-esp-elf/bin/../lib/gcc/xtensa-esp-elf/13.2.0/esp32/crtend.o /home/hieu/.espressif/tools/xtensa-esp-elf/esp-13.2.0_20240530/xtensa-esp-elf/bin/../lib/gcc/xtensa-esp-elf/13.2.0/esp32/crtn.o]
    arg [/home/hieu/.espressif/tools/xtensa-esp-elf/esp-13.2.0_20240530/xtensa-esp-elf/bin/../libexec/gcc/xtensa-esp-elf/13.2.0/collect2] ==> ignore
    arg [-plugin] ==> ignore
    arg [/home/hieu/.espressif/tools/xtensa-esp-elf/esp-13.2.0_20240530/xtensa-esp-elf/bin/../libexec/gcc/xtensa-esp-elf/13.2.0/liblto_plugin.so] ==> ignore
    arg [-plugin-opt=/home/hieu/.espressif/tools/xtensa-esp-elf/esp-13.2.0_20240530/xtensa-esp-elf/bin/../libexec/gcc/xtensa-esp-elf/13.2.0/lto-wrapper] ==> ignore
    arg [-plugin-opt=-fresolution=/tmp/ccOiEfZA.res] ==> ignore
    arg [-plugin-opt=-pass-through=-lgcc] ==> ignore
    arg [-plugin-opt=-pass-through=-lc] ==> ignore
    arg [-plugin-opt=-pass-through=-lnosys] ==> ignore
    arg [-plugin-opt=-pass-through=-lc] ==> ignore
    arg [-plugin-opt=-pass-through=-lgcc] ==> ignore
    arg [--sysroot=/home/hieu/.espressif/tools/xtensa-esp-elf/esp-13.2.0_20240530/xtensa-esp-elf/bin/../xtensa-esp-elf] ==> ignore
    arg [--dynconfig=xtensa_esp32.so] ==> ignore
    arg [-o] ==> ignore
    arg [cmTC_6ee45] ==> ignore
    arg [/home/hieu/.espressif/tools/xtensa-esp-elf/esp-13.2.0_20240530/xtensa-esp-elf/bin/../lib/gcc/xtensa-esp-elf/13.2.0/../../../../xtensa-esp-elf/lib/esp32/crt0.o] ==> obj [/home/hieu/.espressif/tools/xtensa-esp-elf/esp-13.2.0_20240530/xtensa-esp-elf/bin/../lib/gcc/xtensa-esp-elf/13.2.0/../../../../xtensa-esp-elf/lib/esp32/crt0.o]
    arg [/home/hieu/.espressif/tools/xtensa-esp-elf/esp-13.2.0_20240530/xtensa-esp-elf/bin/../lib/gcc/xtensa-esp-elf/13.2.0/esp32/crti.o] ==> obj [/home/hieu/.espressif/tools/xtensa-esp-elf/esp-13.2.0_20240530/xtensa-esp-elf/bin/../lib/gcc/xtensa-esp-elf/13.2.0/esp32/crti.o]
    arg [/home/hieu/.espressif/tools/xtensa-esp-elf/esp-13.2.0_20240530/xtensa-esp-elf/bin/../lib/gcc/xtensa-esp-elf/13.2.0/esp32/crtbegin.o] ==> obj [/home/hieu/.espressif/tools/xtensa-esp-elf/esp-13.2.0_20240530/xtensa-esp-elf/bin/../lib/gcc/xtensa-esp-elf/13.2.0/esp32/crtbegin.o]
    arg [-L/home/hieu/.espressif/tools/xtensa-esp-elf/esp-13.2.0_20240530/xtensa-esp-elf/bin/../lib/gcc/xtensa-esp-elf/13.2.0/esp32] ==> dir [/home/hieu/.espressif/tools/xtensa-esp-elf/esp-13.2.0_20240530/xtensa-esp-elf/bin/../lib/gcc/xtensa-esp-elf/13.2.0/esp32]
    arg [-L/home/hieu/.espressif/tools/xtensa-esp-elf/esp-13.2.0_20240530/xtensa-esp-elf/bin/../lib/gcc/xtensa-esp-elf/13.2.0/../../../../xtensa-esp-elf/lib/esp32] ==> dir [/home/hieu/.espressif/tools/xtensa-esp-elf/esp-13.2.0_20240530/xtensa-esp-elf/bin/../lib/gcc/xtensa-esp-elf/13.2.0/../../../../xtensa-esp-elf/lib/esp32]
    arg [-L/home/hieu/.espressif/tools/xtensa-esp-elf/esp-13.2.0_20240530/xtensa-esp-elf/bin/../xtensa-esp-elf/lib/esp32] ==> dir [/home/hieu/.espressif/tools/xtensa-esp-elf/esp-13.2.0_20240530/xtensa-esp-elf/bin/../xtensa-esp-elf/lib/esp32]
    arg [-L/home/hieu/.espressif/tools/xtensa-esp-elf/esp-13.2.0_20240530/xtensa-esp-elf/bin/../lib/gcc/xtensa-esp-elf/13.2.0] ==> dir [/home/hieu/.espressif/tools/xtensa-esp-elf/esp-13.2.0_20240530/xtensa-esp-elf/bin/../lib/gcc/xtensa-esp-elf/13.2.0]
    arg [-L/home/hieu/.espressif/tools/xtensa-esp-elf/esp-13.2.0_20240530/xtensa-esp-elf/bin/../lib/gcc] ==> dir [/home/hieu/.espressif/tools/xtensa-esp-elf/esp-13.2.0_20240530/xtensa-esp-elf/bin/../lib/gcc]
    arg [-L/home/hieu/.espressif/tools/xtensa-esp-elf/esp-13.2.0_20240530/xtensa-esp-elf/bin/../lib/gcc/xtensa-esp-elf/13.2.0/../../../../xtensa-esp-elf/lib] ==> dir [/home/hieu/.espressif/tools/xtensa-esp-elf/esp-13.2.0_20240530/xtensa-esp-elf/bin/../lib/gcc/xtensa-esp-elf/13.2.0/../../../../xtensa-esp-elf/lib]
    arg [-L/home/hieu/.espressif/tools/xtensa-esp-elf/esp-13.2.0_20240530/xtensa-esp-elf/bin/../xtensa-esp-elf/lib] ==> dir [/home/hieu/.espressif/tools/xtensa-esp-elf/esp-13.2.0_20240530/xtensa-esp-elf/bin/../xtensa-esp-elf/lib]
    arg [-L/home/hieu/.espressif/tools/xtensa-esp-elf/esp-13.2.0_20240530/xtensa-esp-elf/bin/../xtensa-esp-elf/usr/lib] ==> dir [/home/hieu/.espressif/tools/xtensa-esp-elf/esp-13.2.0_20240530/xtensa-esp-elf/bin/../xtensa-esp-elf/usr/lib]
    arg [CMakeFiles/cmTC_6ee45.dir/CMakeCXXCompilerABI.cpp.obj] ==> ignore
    arg [-lstdc++] ==> lib [stdc++]
    arg [-lm] ==> lib [m]
    arg [-lgcc] ==> lib [gcc]
    arg [-lc] ==> lib [c]
    arg [-lnosys] ==> lib [nosys]
    arg [-lc] ==> lib [c]
    arg [-lgcc] ==> lib [gcc]
    arg [/home/hieu/.espressif/tools/xtensa-esp-elf/esp-13.2.0_20240530/xtensa-esp-elf/bin/../lib/gcc/xtensa-esp-elf/13.2.0/esp32/crtend.o] ==> obj [/home/hieu/.espressif/tools/xtensa-esp-elf/esp-13.2.0_20240530/xtensa-esp-elf/bin/../lib/gcc/xtensa-esp-elf/13.2.0/esp32/crtend.o]
    arg [/home/hieu/.espressif/tools/xtensa-esp-elf/esp-13.2.0_20240530/xtensa-esp-elf/bin/../lib/gcc/xtensa-esp-elf/13.2.0/esp32/crtn.o] ==> obj [/home/hieu/.espressif/tools/xtensa-esp-elf/esp-13.2.0_20240530/xtensa-esp-elf/bin/../lib/gcc/xtensa-esp-elf/13.2.0/esp32/crtn.o]
  collapse obj [/home/hieu/.espressif/tools/xtensa-esp-elf/esp-13.2.0_20240530/xtensa-esp-elf/bin/../lib/gcc/xtensa-esp-elf/13.2.0/../../../../xtensa-esp-elf/lib/esp32/crt0.o] ==> [/home/hieu/.espressif/tools/xtensa-esp-elf/esp-13.2.0_20240530/xtensa-esp-elf/xtensa-esp-elf/lib/esp32/crt0.o]
  collapse obj [/home/hieu/.espressif/tools/xtensa-esp-elf/esp-13.2.0_20240530/xtensa-esp-elf/bin/../lib/gcc/xtensa-esp-elf/13.2.0/esp32/crti.o] ==> [/home/hieu/.espressif/tools/xtensa-esp-elf/esp-13.2.0_20240530/xtensa-esp-elf/lib/gcc/xtensa-esp-elf/13.2.0/esp32/crti.o]
  collapse obj [/home/hieu/.espressif/tools/xtensa-esp-elf/esp-13.2.0_20240530/xtensa-esp-elf/bin/../lib/gcc/xtensa-esp-elf/13.2.0/esp32/crtbegin.o] ==> [/home/hieu/.espressif/tools/xtensa-esp-elf/esp-13.2.0_20240530/xtensa-esp-elf/lib/gcc/xtensa-esp-elf/13.2.0/esp32/crtbegin.o]
  collapse obj [/home/hieu/.espressif/tools/xtensa-esp-elf/esp-13.2.0_20240530/xtensa-esp-elf/bin/../lib/gcc/xtensa-esp-elf/13.2.0/esp32/crtend.o] ==> [/home/hieu/.espressif/tools/xtensa-esp-elf/esp-13.2.0_20240530/xtensa-esp-elf/lib/gcc/xtensa-esp-elf/13.2.0/esp32/crtend.o]
  collapse obj [/home/hieu/.espressif/tools/xtensa-esp-elf/esp-13.2.0_20240530/xtensa-esp-elf/bin/../lib/gcc/xtensa-esp-elf/13.2.0/esp32/crtn.o] ==> [/home/hieu/.espressif/tools/xtensa-esp-elf/esp-13.2.0_20240530/xtensa-esp-elf/lib/gcc/xtensa-esp-elf/13.2.0/esp32/crtn.o]
  collapse library dir [/home/hieu/.espressif/tools/xtensa-esp-elf/esp-13.2.0_20240530/xtensa-esp-elf/bin/../lib/gcc/xtensa-esp-elf/13.2.0/esp32] ==> [/home/hieu/.espressif/tools/xtensa-esp-elf/esp-13.2.0_20240530/xtensa-esp-elf/lib/gcc/xtensa-esp-elf/13.2.0/esp32]
  collapse library dir [/home/hieu/.espressif/tools/xtensa-esp-elf/esp-13.2.0_20240530/xtensa-esp-elf/bin/../lib/gcc/xtensa-esp-elf/13.2.0/../../../../xtensa-esp-elf/lib/esp32] ==> [/home/hieu/.espressif/tools/xtensa-esp-elf/esp-13.2.0_20240530/xtensa-esp-elf/xtensa-esp-elf/lib/esp32]
  collapse library dir [/home/hieu/.espressif/tools/xtensa-esp-elf/esp-13.2.0_20240530/xtensa-esp-elf/bin/../xtensa-esp-elf/lib/esp32] ==> [/home/hieu/.espressif/tools/xtensa-esp-elf/esp-13.2.0_20240530/xtensa-esp-elf/xtensa-esp-elf/lib/esp32]
  collapse library dir [/home/hieu/.espressif/tools/xtensa-esp-elf/esp-13.2.0_20240530/xtensa-esp-elf/bin/../lib/gcc/xtensa-esp-elf/13.2.0] ==> [/home/hieu/.espressif/tools/xtensa-esp-elf/esp-13.2.0_20240530/xtensa-esp-elf/lib/gcc/xtensa-esp-elf/13.2.0]
  collapse library dir [/home/hieu/.espressif/tools/xtensa-esp-elf/esp-13.2.0_20240530/xtensa-esp-elf/bin/../lib/gcc] ==> [/home/hieu/.espressif/tools/xtensa-esp-elf/esp-13.2.0_20240530/xtensa-esp-elf/lib/gcc]
  collapse library dir [/home/hieu/.espressif/tools/xtensa-esp-elf/esp-13.2.0_20240530/xtensa-esp-elf/bin/../lib/gcc/xtensa-esp-elf/13.2.0/../../../../xtensa-esp-elf/lib] ==> [/home/hieu/.espressif/tools/xtensa-esp-elf/esp-13.2.0_20240530/xtensa-esp-elf/xtensa-esp-elf/lib]
  collapse library dir [/home/hieu/.espressif/tools/xtensa-esp-elf/esp-13.2.0_20240530/xtensa-esp-elf/bin/../xtensa-esp-elf/lib] ==> [/home/hieu/.espressif/tools/xtensa-esp-elf/esp-13.2.0_20240530/xtensa-esp-elf/xtensa-esp-elf/lib]
  collapse library dir [/home/hieu/.espressif/tools/xtensa-esp-elf/esp-13.2.0_20240530/xtensa-esp-elf/bin/../xtensa-esp-elf/usr/lib] ==> [/home/hieu/.espressif/tools/xtensa-esp-elf/esp-13.2.0_20240530/xtensa-esp-elf/xtensa-esp-elf/usr/lib]
  implicit libs: [stdc++;m;gcc;c;nosys;c;gcc]
  implicit objs: [/home/hieu/.espressif/tools/xtensa-esp-elf/esp-13.2.0_20240530/xtensa-esp-elf/xtensa-esp-elf/lib/esp32/crt0.o;/home/hieu/.espressif/tools/xtensa-esp-elf/esp-13.2.0_20240530/xtensa-esp-elf/lib/gcc/xtensa-esp-elf/13.2.0/esp32/crti.o;/home/hieu/.espressif/tools/xtensa-esp-elf/esp-13.2.0_20240530/xtensa-esp-elf/lib/gcc/xtensa-esp-elf/13.2.0/esp32/crtbegin.o;/home/hieu/.espressif/tools/xtensa-esp-elf/esp-13.2.0_20240530/xtensa-esp-elf/lib/gcc/xtensa-esp-elf/13.2.0/esp32/crtend.o;/home/hieu/.espressif/tools/xtensa-esp-elf/esp-13.2.0_20240530/xtensa-esp-elf/lib/gcc/xtensa-esp-elf/13.2.0/esp32/crtn.o]
  implicit dirs: [/home/hieu/.espressif/tools/xtensa-esp-elf/esp-13.2.0_20240530/xtensa-esp-elf/lib/gcc/xtensa-esp-elf/13.2.0/esp32;/home/hieu/.espressif/tools/xtensa-esp-elf/esp-13.2.0_20240530/xtensa-esp-elf/xtensa-esp-elf/lib/esp32;/home/hieu/.espressif/tools/xtensa-esp-elf/esp-13.2.0_20240530/xtensa-esp-elf/lib/gcc/xtensa-esp-elf/13.2.0;/home/hieu/.espressif/tools/xtensa-esp-elf/esp-13.2.0_20240530/xtensa-esp-elf/lib/gcc;/home/hieu/.espressif/tools/xtensa-esp-elf/esp-13.2.0_20240530/xtensa-esp-elf/xtensa-esp-elf/lib;/home/hieu/.espressif/tools/xtensa-esp-elf/esp-13.2.0_20240530/xtensa-esp-elf/xtensa-esp-elf/usr/lib]
  implicit fwks: []


